running egg_info
creating ../../build/tortoise_description/tortoise_description.egg-info
writing ../../build/tortoise_description/tortoise_description.egg-info/PKG-INFO
writing dependency_links to ../../build/tortoise_description/tortoise_description.egg-info/dependency_links.txt
writing requirements to ../../build/tortoise_description/tortoise_description.egg-info/requires.txt
writing top-level names to ../../build/tortoise_description/tortoise_description.egg-info/top_level.txt
writing manifest file '../../build/tortoise_description/tortoise_description.egg-info/SOURCES.txt'
reading manifest file '../../build/tortoise_description/tortoise_description.egg-info/SOURCES.txt'
writing manifest file '../../build/tortoise_description/tortoise_description.egg-info/SOURCES.txt'
running build
running build_py
creating /home/arz-1017/task/task_ws/build/tortoise_description/build
creating /home/arz-1017/task/task_ws/build/tortoise_description/build/lib
creating /home/arz-1017/task/task_ws/build/tortoise_description/build/lib/tortoise_description
copying tortoise_description/__init__.py -> /home/arz-1017/task/task_ws/build/tortoise_description/build/lib/tortoise_description
running install
running install_lib
creating /home/arz-1017/task/task_ws/install/tortoise_description/lib/python3.12/site-packages/tortoise_description
copying /home/arz-1017/task/task_ws/build/tortoise_description/build/lib/tortoise_description/__init__.py -> /home/arz-1017/task/task_ws/install/tortoise_description/lib/python3.12/site-packages/tortoise_description
byte-compiling /home/arz-1017/task/task_ws/install/tortoise_description/lib/python3.12/site-packages/tortoise_description/__init__.py to __init__.cpython-312.pyc
running install_data
creating /home/arz-1017/task/task_ws/install/tortoise_description/share/ament_index
creating /home/arz-1017/task/task_ws/install/tortoise_description/share/ament_index/resource_index
creating /home/arz-1017/task/task_ws/install/tortoise_description/share/ament_index/resource_index/packages
copying resource/tortoise_description -> /home/arz-1017/task/task_ws/install/tortoise_description/share/ament_index/resource_index/packages
copying package.xml -> /home/arz-1017/task/task_ws/install/tortoise_description/share/tortoise_description
creating /home/arz-1017/task/task_ws/install/tortoise_description/share/tortoise_description/launch
copying launch/display.launch.py -> /home/arz-1017/task/task_ws/install/tortoise_description/share/tortoise_description/launch
creating /home/arz-1017/task/task_ws/install/tortoise_description/share/tortoisebot_gazebo
creating /home/arz-1017/task/task_ws/install/tortoise_description/share/tortoisebot_gazebo/urdf
running install_egg_info
Copying ../../build/tortoise_description/tortoise_description.egg-info to /home/arz-1017/task/task_ws/install/tortoise_description/lib/python3.12/site-packages/tortoise_description-0.0.0-py3.12.egg-info
running install_scripts
writing list of installed files to '/home/arz-1017/task/task_ws/build/tortoise_description/install.log'
