[0.108s] DEBUG:colcon:Command line arguments: ['/usr/bin/colcon', 'build']
[0.108s] DEBUG:colcon:Parsed command line arguments: Namespace(log_base=None, log_level=None, verb_name='build', build_base='build', install_base='install', merge_install=False, symlink_install=False, test_result_base=None, continue_on_error=False, executor='parallel', parallel_workers=16, event_handlers=None, ignore_user_meta=False, metas=['./colcon.meta'], base_paths=['.'], packages_ignore=None, packages_ignore_regex=None, paths=None, packages_up_to=None, packages_up_to_regex=None, packages_above=None, packages_above_and_dependencies=None, packages_above_depth=None, packages_select_by_dep=None, packages_skip_by_dep=None, packages_skip_up_to=None, packages_select_build_failed=False, packages_skip_build_finished=False, packages_select_test_failures=False, packages_skip_test_passed=False, packages_select=None, packages_skip=None, packages_select_regex=None, packages_skip_regex=None, packages_start=None, packages_end=None, allow_overriding=[], cmake_args=None, cmake_target=None, cmake_target_skip_unavailable=False, cmake_clean_cache=False, cmake_clean_first=False, cmake_force_configure=False, ament_cmake_args=None, catkin_cmake_args=None, catkin_skip_building_tests=False, mixin_files=None, mixin=None, verb_parser=<colcon_mixin.mixin.mixin_argument.MixinArgumentDecorator object at 0x7b04dd7393a0>, verb_extension=<colcon_core.verb.build.BuildVerb object at 0x7b04dd739070>, main=<bound method BuildVerb.main of <colcon_core.verb.build.BuildVerb object at 0x7b04dd739070>>, mixin_verb=('build',))
[0.146s] Level 1:colcon.colcon_core.package_discovery:discover_packages(colcon_meta) check parameters
[0.146s] Level 1:colcon.colcon_core.package_discovery:discover_packages(recursive) check parameters
[0.146s] Level 1:colcon.colcon_core.package_discovery:discover_packages(ignore) check parameters
[0.146s] Level 1:colcon.colcon_core.package_discovery:discover_packages(path) check parameters
[0.146s] Level 1:colcon.colcon_core.package_discovery:discover_packages(colcon_meta) discover
[0.146s] Level 1:colcon.colcon_core.package_discovery:discover_packages(recursive) discover
[0.146s] INFO:colcon.colcon_core.package_discovery:Crawling recursively for packages in '/home/arz-1017/task/task_ws'
[0.146s] Level 1:colcon.colcon_core.package_identification:_identify(.) by extensions ['ignore', 'ignore_ament_install']
[0.146s] Level 1:colcon.colcon_core.package_identification:_identify(.) by extension 'ignore'
[0.146s] Level 1:colcon.colcon_core.package_identification:_identify(.) by extension 'ignore_ament_install'
[0.146s] Level 1:colcon.colcon_core.package_identification:_identify(.) by extensions ['colcon_pkg']
[0.146s] Level 1:colcon.colcon_core.package_identification:_identify(.) by extension 'colcon_pkg'
[0.147s] Level 1:colcon.colcon_core.package_identification:_identify(.) by extensions ['colcon_meta']
[0.147s] Level 1:colcon.colcon_core.package_identification:_identify(.) by extension 'colcon_meta'
[0.147s] Level 1:colcon.colcon_core.package_identification:_identify(.) by extensions ['ros']
[0.147s] Level 1:colcon.colcon_core.package_identification:_identify(.) by extension 'ros'
[0.172s] Level 1:colcon.colcon_core.package_identification:_identify(.) by extensions ['cmake', 'python']
[0.172s] Level 1:colcon.colcon_core.package_identification:_identify(.) by extension 'cmake'
[0.172s] Level 1:colcon.colcon_core.package_identification:_identify(.) by extension 'python'
[0.172s] Level 1:colcon.colcon_core.package_identification:_identify(.) by extensions ['python_setup_py']
[0.172s] Level 1:colcon.colcon_core.package_identification:_identify(.) by extension 'python_setup_py'
[0.172s] Level 1:colcon.colcon_core.package_identification:_identify(build) by extensions ['ignore', 'ignore_ament_install']
[0.173s] Level 1:colcon.colcon_core.package_identification:_identify(build) by extension 'ignore'
[0.173s] Level 1:colcon.colcon_core.package_identification:_identify(build) ignored
[0.173s] Level 1:colcon.colcon_core.package_identification:_identify(install) by extensions ['ignore', 'ignore_ament_install']
[0.173s] Level 1:colcon.colcon_core.package_identification:_identify(install) by extension 'ignore'
[0.173s] Level 1:colcon.colcon_core.package_identification:_identify(install) ignored
[0.173s] Level 1:colcon.colcon_core.package_identification:_identify(log) by extensions ['ignore', 'ignore_ament_install']
[0.173s] Level 1:colcon.colcon_core.package_identification:_identify(log) by extension 'ignore'
[0.173s] Level 1:colcon.colcon_core.package_identification:_identify(log) ignored
[0.173s] Level 1:colcon.colcon_core.package_identification:_identify(src) by extensions ['ignore', 'ignore_ament_install']
[0.173s] Level 1:colcon.colcon_core.package_identification:_identify(src) by extension 'ignore'
[0.173s] Level 1:colcon.colcon_core.package_identification:_identify(src) by extension 'ignore_ament_install'
[0.173s] Level 1:colcon.colcon_core.package_identification:_identify(src) by extensions ['colcon_pkg']
[0.173s] Level 1:colcon.colcon_core.package_identification:_identify(src) by extension 'colcon_pkg'
[0.173s] Level 1:colcon.colcon_core.package_identification:_identify(src) by extensions ['colcon_meta']
[0.173s] Level 1:colcon.colcon_core.package_identification:_identify(src) by extension 'colcon_meta'
[0.174s] Level 1:colcon.colcon_core.package_identification:_identify(src) by extensions ['ros']
[0.174s] Level 1:colcon.colcon_core.package_identification:_identify(src) by extension 'ros'
[0.174s] Level 1:colcon.colcon_core.package_identification:_identify(src) by extensions ['cmake', 'python']
[0.174s] Level 1:colcon.colcon_core.package_identification:_identify(src) by extension 'cmake'
[0.174s] Level 1:colcon.colcon_core.package_identification:_identify(src) by extension 'python'
[0.174s] Level 1:colcon.colcon_core.package_identification:_identify(src) by extensions ['python_setup_py']
[0.174s] Level 1:colcon.colcon_core.package_identification:_identify(src) by extension 'python_setup_py'
[0.174s] Level 1:colcon.colcon_core.package_identification:_identify(src/ros2_mapping) by extensions ['ignore', 'ignore_ament_install']
[0.174s] Level 1:colcon.colcon_core.package_identification:_identify(src/ros2_mapping) by extension 'ignore'
[0.174s] Level 1:colcon.colcon_core.package_identification:_identify(src/ros2_mapping) by extension 'ignore_ament_install'
[0.174s] Level 1:colcon.colcon_core.package_identification:_identify(src/ros2_mapping) by extensions ['colcon_pkg']
[0.174s] Level 1:colcon.colcon_core.package_identification:_identify(src/ros2_mapping) by extension 'colcon_pkg'
[0.174s] Level 1:colcon.colcon_core.package_identification:_identify(src/ros2_mapping) by extensions ['colcon_meta']
[0.174s] Level 1:colcon.colcon_core.package_identification:_identify(src/ros2_mapping) by extension 'colcon_meta'
[0.174s] Level 1:colcon.colcon_core.package_identification:_identify(src/ros2_mapping) by extensions ['ros']
[0.174s] Level 1:colcon.colcon_core.package_identification:_identify(src/ros2_mapping) by extension 'ros'
[0.176s] DEBUG:colcon.colcon_core.package_identification:Package 'src/ros2_mapping' with type 'ros.ament_python' and name 'ros2_mapping'
[0.176s] Level 1:colcon.colcon_core.package_identification:_identify(src/tortoise_description) by extensions ['ignore', 'ignore_ament_install']
[0.177s] Level 1:colcon.colcon_core.package_identification:_identify(src/tortoise_description) by extension 'ignore'
[0.177s] Level 1:colcon.colcon_core.package_identification:_identify(src/tortoise_description) by extension 'ignore_ament_install'
[0.177s] Level 1:colcon.colcon_core.package_identification:_identify(src/tortoise_description) by extensions ['colcon_pkg']
[0.177s] Level 1:colcon.colcon_core.package_identification:_identify(src/tortoise_description) by extension 'colcon_pkg'
[0.177s] Level 1:colcon.colcon_core.package_identification:_identify(src/tortoise_description) by extensions ['colcon_meta']
[0.177s] Level 1:colcon.colcon_core.package_identification:_identify(src/tortoise_description) by extension 'colcon_meta'
[0.177s] Level 1:colcon.colcon_core.package_identification:_identify(src/tortoise_description) by extensions ['ros']
[0.177s] Level 1:colcon.colcon_core.package_identification:_identify(src/tortoise_description) by extension 'ros'
[0.177s] DEBUG:colcon.colcon_core.package_identification:Package 'src/tortoise_description' with type 'ros.ament_python' and name 'tortoise_description'
[0.177s] Level 1:colcon.colcon_core.package_identification:_identify(src/tortoisebot_gazebo) by extensions ['ignore', 'ignore_ament_install']
[0.178s] Level 1:colcon.colcon_core.package_identification:_identify(src/tortoisebot_gazebo) by extension 'ignore'
[0.178s] Level 1:colcon.colcon_core.package_identification:_identify(src/tortoisebot_gazebo) by extension 'ignore_ament_install'
[0.178s] Level 1:colcon.colcon_core.package_identification:_identify(src/tortoisebot_gazebo) by extensions ['colcon_pkg']
[0.178s] Level 1:colcon.colcon_core.package_identification:_identify(src/tortoisebot_gazebo) by extension 'colcon_pkg'
[0.178s] Level 1:colcon.colcon_core.package_identification:_identify(src/tortoisebot_gazebo) by extensions ['colcon_meta']
[0.178s] Level 1:colcon.colcon_core.package_identification:_identify(src/tortoisebot_gazebo) by extension 'colcon_meta'
[0.178s] Level 1:colcon.colcon_core.package_identification:_identify(src/tortoisebot_gazebo) by extensions ['ros']
[0.178s] Level 1:colcon.colcon_core.package_identification:_identify(src/tortoisebot_gazebo) by extension 'ros'
[0.178s] DEBUG:colcon.colcon_core.package_identification:Package 'src/tortoisebot_gazebo' with type 'ros.ament_python' and name 'tortoisebot_gazebo'
[0.178s] Level 1:colcon.colcon_core.package_discovery:discover_packages(recursive) using defaults
[0.178s] Level 1:colcon.colcon_core.package_discovery:discover_packages(ignore) discover
[0.178s] Level 1:colcon.colcon_core.package_discovery:discover_packages(ignore) using defaults
[0.178s] Level 1:colcon.colcon_core.package_discovery:discover_packages(path) discover
[0.178s] Level 1:colcon.colcon_core.package_discovery:discover_packages(path) using defaults
[0.196s] Level 1:colcon.colcon_core.package_discovery:discover_packages(prefix_path) check parameters
[0.197s] Level 1:colcon.colcon_core.package_discovery:discover_packages(prefix_path) discover
[0.198s] DEBUG:colcon.colcon_installed_package_information.package_discovery:Found 3 installed packages in /home/arz-1017/task/task_ws/install
[0.200s] DEBUG:colcon.colcon_installed_package_information.package_discovery:Found 395 installed packages in /opt/ros/jazzy
[0.202s] Level 1:colcon.colcon_core.package_discovery:discover_packages(prefix_path) using defaults
[0.252s] Level 5:colcon.colcon_core.verb:set package 'ros2_mapping' build argument 'cmake_args' from command line to 'None'
[0.253s] Level 5:colcon.colcon_core.verb:set package 'ros2_mapping' build argument 'cmake_target' from command line to 'None'
[0.253s] Level 5:colcon.colcon_core.verb:set package 'ros2_mapping' build argument 'cmake_target_skip_unavailable' from command line to 'False'
[0.253s] Level 5:colcon.colcon_core.verb:set package 'ros2_mapping' build argument 'cmake_clean_cache' from command line to 'False'
[0.253s] Level 5:colcon.colcon_core.verb:set package 'ros2_mapping' build argument 'cmake_clean_first' from command line to 'False'
[0.253s] Level 5:colcon.colcon_core.verb:set package 'ros2_mapping' build argument 'cmake_force_configure' from command line to 'False'
[0.253s] Level 5:colcon.colcon_core.verb:set package 'ros2_mapping' build argument 'ament_cmake_args' from command line to 'None'
[0.253s] Level 5:colcon.colcon_core.verb:set package 'ros2_mapping' build argument 'catkin_cmake_args' from command line to 'None'
[0.253s] Level 5:colcon.colcon_core.verb:set package 'ros2_mapping' build argument 'catkin_skip_building_tests' from command line to 'False'
[0.253s] DEBUG:colcon.colcon_core.verb:Building package 'ros2_mapping' with the following arguments: {'ament_cmake_args': None, 'build_base': '/home/arz-1017/task/task_ws/build/ros2_mapping', 'catkin_cmake_args': None, 'catkin_skip_building_tests': False, 'cmake_args': None, 'cmake_clean_cache': False, 'cmake_clean_first': False, 'cmake_force_configure': False, 'cmake_target': None, 'cmake_target_skip_unavailable': False, 'install_base': '/home/arz-1017/task/task_ws/install/ros2_mapping', 'merge_install': False, 'path': '/home/arz-1017/task/task_ws/src/ros2_mapping', 'symlink_install': False, 'test_result_base': None}
[0.253s] Level 5:colcon.colcon_core.verb:set package 'tortoise_description' build argument 'cmake_args' from command line to 'None'
[0.253s] Level 5:colcon.colcon_core.verb:set package 'tortoise_description' build argument 'cmake_target' from command line to 'None'
[0.253s] Level 5:colcon.colcon_core.verb:set package 'tortoise_description' build argument 'cmake_target_skip_unavailable' from command line to 'False'
[0.253s] Level 5:colcon.colcon_core.verb:set package 'tortoise_description' build argument 'cmake_clean_cache' from command line to 'False'
[0.253s] Level 5:colcon.colcon_core.verb:set package 'tortoise_description' build argument 'cmake_clean_first' from command line to 'False'
[0.253s] Level 5:colcon.colcon_core.verb:set package 'tortoise_description' build argument 'cmake_force_configure' from command line to 'False'
[0.253s] Level 5:colcon.colcon_core.verb:set package 'tortoise_description' build argument 'ament_cmake_args' from command line to 'None'
[0.253s] Level 5:colcon.colcon_core.verb:set package 'tortoise_description' build argument 'catkin_cmake_args' from command line to 'None'
[0.253s] Level 5:colcon.colcon_core.verb:set package 'tortoise_description' build argument 'catkin_skip_building_tests' from command line to 'False'
[0.253s] DEBUG:colcon.colcon_core.verb:Building package 'tortoise_description' with the following arguments: {'ament_cmake_args': None, 'build_base': '/home/arz-1017/task/task_ws/build/tortoise_description', 'catkin_cmake_args': None, 'catkin_skip_building_tests': False, 'cmake_args': None, 'cmake_clean_cache': False, 'cmake_clean_first': False, 'cmake_force_configure': False, 'cmake_target': None, 'cmake_target_skip_unavailable': False, 'install_base': '/home/arz-1017/task/task_ws/install/tortoise_description', 'merge_install': False, 'path': '/home/arz-1017/task/task_ws/src/tortoise_description', 'symlink_install': False, 'test_result_base': None}
[0.253s] Level 5:colcon.colcon_core.verb:set package 'tortoisebot_gazebo' build argument 'cmake_args' from command line to 'None'
[0.253s] Level 5:colcon.colcon_core.verb:set package 'tortoisebot_gazebo' build argument 'cmake_target' from command line to 'None'
[0.253s] Level 5:colcon.colcon_core.verb:set package 'tortoisebot_gazebo' build argument 'cmake_target_skip_unavailable' from command line to 'False'
[0.254s] Level 5:colcon.colcon_core.verb:set package 'tortoisebot_gazebo' build argument 'cmake_clean_cache' from command line to 'False'
[0.254s] Level 5:colcon.colcon_core.verb:set package 'tortoisebot_gazebo' build argument 'cmake_clean_first' from command line to 'False'
[0.254s] Level 5:colcon.colcon_core.verb:set package 'tortoisebot_gazebo' build argument 'cmake_force_configure' from command line to 'False'
[0.254s] Level 5:colcon.colcon_core.verb:set package 'tortoisebot_gazebo' build argument 'ament_cmake_args' from command line to 'None'
[0.254s] Level 5:colcon.colcon_core.verb:set package 'tortoisebot_gazebo' build argument 'catkin_cmake_args' from command line to 'None'
[0.254s] Level 5:colcon.colcon_core.verb:set package 'tortoisebot_gazebo' build argument 'catkin_skip_building_tests' from command line to 'False'
[0.254s] DEBUG:colcon.colcon_core.verb:Building package 'tortoisebot_gazebo' with the following arguments: {'ament_cmake_args': None, 'build_base': '/home/arz-1017/task/task_ws/build/tortoisebot_gazebo', 'catkin_cmake_args': None, 'catkin_skip_building_tests': False, 'cmake_args': None, 'cmake_clean_cache': False, 'cmake_clean_first': False, 'cmake_force_configure': False, 'cmake_target': None, 'cmake_target_skip_unavailable': False, 'install_base': '/home/arz-1017/task/task_ws/install/tortoisebot_gazebo', 'merge_install': False, 'path': '/home/arz-1017/task/task_ws/src/tortoisebot_gazebo', 'symlink_install': False, 'test_result_base': None}
[0.254s] INFO:colcon.colcon_core.executor:Executing jobs using 'parallel' executor
[0.255s] DEBUG:colcon.colcon_parallel_executor.executor.parallel:run_until_complete
[0.255s] INFO:colcon.colcon_ros.task.ament_python.build:Building ROS package in '/home/arz-1017/task/task_ws/src/ros2_mapping' with build type 'ament_python'
[0.255s] Level 1:colcon.colcon_core.shell:create_environment_hook('ros2_mapping', 'ament_prefix_path')
[0.257s] INFO:colcon.colcon_core.plugin_system:Skipping extension 'colcon_core.shell.bat': Not used on non-Windows systems
[0.257s] INFO:colcon.colcon_core.shell:Creating environment hook '/home/arz-1017/task/task_ws/install/ros2_mapping/share/ros2_mapping/hook/ament_prefix_path.ps1'
[0.258s] INFO:colcon.colcon_core.shell:Creating environment descriptor '/home/arz-1017/task/task_ws/install/ros2_mapping/share/ros2_mapping/hook/ament_prefix_path.dsv'
[0.259s] INFO:colcon.colcon_core.shell:Creating environment hook '/home/arz-1017/task/task_ws/install/ros2_mapping/share/ros2_mapping/hook/ament_prefix_path.sh'
[0.259s] INFO:colcon.colcon_core.shell:Skip shell extension 'powershell' for command environment: Not usable outside of PowerShell
[0.260s] DEBUG:colcon.colcon_core.shell:Skip shell extension 'dsv' for command environment
[0.263s] INFO:colcon.colcon_ros.task.ament_python.build:Building ROS package in '/home/arz-1017/task/task_ws/src/tortoise_description' with build type 'ament_python'
[0.264s] Level 1:colcon.colcon_core.shell:create_environment_hook('tortoise_description', 'ament_prefix_path')
[0.264s] INFO:colcon.colcon_core.shell:Creating environment hook '/home/arz-1017/task/task_ws/install/tortoise_description/share/tortoise_description/hook/ament_prefix_path.ps1'
[0.265s] INFO:colcon.colcon_core.shell:Creating environment descriptor '/home/arz-1017/task/task_ws/install/tortoise_description/share/tortoise_description/hook/ament_prefix_path.dsv'
[0.265s] INFO:colcon.colcon_core.shell:Creating environment hook '/home/arz-1017/task/task_ws/install/tortoise_description/share/tortoise_description/hook/ament_prefix_path.sh'
[0.265s] INFO:colcon.colcon_core.shell:Skip shell extension 'powershell' for command environment: Not usable outside of PowerShell
[0.265s] DEBUG:colcon.colcon_core.shell:Skip shell extension 'dsv' for command environment
[0.269s] INFO:colcon.colcon_ros.task.ament_python.build:Building ROS package in '/home/arz-1017/task/task_ws/src/tortoisebot_gazebo' with build type 'ament_python'
[0.269s] Level 1:colcon.colcon_core.shell:create_environment_hook('tortoisebot_gazebo', 'ament_prefix_path')
[0.269s] INFO:colcon.colcon_core.shell:Creating environment hook '/home/arz-1017/task/task_ws/install/tortoisebot_gazebo/share/tortoisebot_gazebo/hook/ament_prefix_path.ps1'
[0.270s] INFO:colcon.colcon_core.shell:Creating environment descriptor '/home/arz-1017/task/task_ws/install/tortoisebot_gazebo/share/tortoisebot_gazebo/hook/ament_prefix_path.dsv'
[0.270s] INFO:colcon.colcon_core.shell:Creating environment hook '/home/arz-1017/task/task_ws/install/tortoisebot_gazebo/share/tortoisebot_gazebo/hook/ament_prefix_path.sh'
[0.271s] INFO:colcon.colcon_core.shell:Skip shell extension 'powershell' for command environment: Not usable outside of PowerShell
[0.271s] DEBUG:colcon.colcon_core.shell:Skip shell extension 'dsv' for command environment
[0.517s] INFO:colcon.colcon_core.task.python.build:Building Python package in '/home/arz-1017/task/task_ws/src/ros2_mapping'
[0.518s] INFO:colcon.colcon_core.shell:Skip shell extension 'powershell' for command environment: Not usable outside of PowerShell
[0.518s] DEBUG:colcon.colcon_core.shell:Skip shell extension 'dsv' for command environment
[0.778s] INFO:colcon.colcon_core.task.python.build:Building Python package in '/home/arz-1017/task/task_ws/src/tortoise_description'
[0.779s] INFO:colcon.colcon_core.shell:Skip shell extension 'powershell' for command environment: Not usable outside of PowerShell
[0.779s] DEBUG:colcon.colcon_core.shell:Skip shell extension 'dsv' for command environment
[1.061s] INFO:colcon.colcon_core.task.python.build:Building Python package in '/home/arz-1017/task/task_ws/src/tortoisebot_gazebo'
[1.061s] INFO:colcon.colcon_core.shell:Skip shell extension 'powershell' for command environment: Not usable outside of PowerShell
[1.061s] DEBUG:colcon.colcon_core.shell:Skip shell extension 'dsv' for command environment
[1.706s] DEBUG:colcon.colcon_core.event_handler.log_command:Invoking command in '/home/arz-1017/task/task_ws/src/ros2_mapping': DEBUGINFOD_URLS=https://debuginfod.ubuntu.com PYTHONPATH=/home/arz-1017/task/task_ws/build/ros2_mapping/prefix_override:/usr/lib/python3/dist-packages/colcon_core/task/python/colcon_distutils_commands:/home/arz-1017/task/task_ws/install/ros2_mapping/lib/python3.12/site-packages:${PYTHONPATH} /usr/bin/python3 -W ignore:setup.py install is deprecated -W ignore:easy_install command is deprecated setup.py egg_info --egg-base ../../build/ros2_mapping build --build-base /home/arz-1017/task/task_ws/build/ros2_mapping/build install --record /home/arz-1017/task/task_ws/build/ros2_mapping/install.log --single-version-externally-managed install_data
[1.710s] DEBUG:colcon.colcon_core.event_handler.log_command:Invoking command in '/home/arz-1017/task/task_ws/src/tortoise_description': DEBUGINFOD_URLS=https://debuginfod.ubuntu.com PYTHONPATH=/home/arz-1017/task/task_ws/build/tortoise_description/prefix_override:/usr/lib/python3/dist-packages/colcon_core/task/python/colcon_distutils_commands:/home/arz-1017/task/task_ws/install/tortoise_description/lib/python3.12/site-packages:${PYTHONPATH} /usr/bin/python3 -W ignore:setup.py install is deprecated -W ignore:easy_install command is deprecated setup.py egg_info --egg-base ../../build/tortoise_description build --build-base /home/arz-1017/task/task_ws/build/tortoise_description/build install --record /home/arz-1017/task/task_ws/build/tortoise_description/install.log --single-version-externally-managed install_data
[1.712s] DEBUG:colcon.colcon_core.event_handler.log_command:Invoking command in '/home/arz-1017/task/task_ws/src/tortoisebot_gazebo': DEBUGINFOD_URLS=https://debuginfod.ubuntu.com PYTHONPATH=/home/arz-1017/task/task_ws/build/tortoisebot_gazebo/prefix_override:/usr/lib/python3/dist-packages/colcon_core/task/python/colcon_distutils_commands:/home/arz-1017/task/task_ws/install/tortoisebot_gazebo/lib/python3.12/site-packages:${PYTHONPATH} /usr/bin/python3 -W ignore:setup.py install is deprecated -W ignore:easy_install command is deprecated setup.py egg_info --egg-base ../../build/tortoisebot_gazebo build --build-base /home/arz-1017/task/task_ws/build/tortoisebot_gazebo/build install --record /home/arz-1017/task/task_ws/build/tortoisebot_gazebo/install.log --single-version-externally-managed install_data
[2.294s] DEBUG:colcon.colcon_core.event_handler.log_command:Invoked command in '/home/arz-1017/task/task_ws/src/ros2_mapping' returned '0': DEBUGINFOD_URLS=https://debuginfod.ubuntu.com PYTHONPATH=/home/arz-1017/task/task_ws/build/ros2_mapping/prefix_override:/usr/lib/python3/dist-packages/colcon_core/task/python/colcon_distutils_commands:/home/arz-1017/task/task_ws/install/ros2_mapping/lib/python3.12/site-packages:${PYTHONPATH} /usr/bin/python3 -W ignore:setup.py install is deprecated -W ignore:easy_install command is deprecated setup.py egg_info --egg-base ../../build/ros2_mapping build --build-base /home/arz-1017/task/task_ws/build/ros2_mapping/build install --record /home/arz-1017/task/task_ws/build/ros2_mapping/install.log --single-version-externally-managed install_data
[2.297s] Level 1:colcon.colcon_core.environment:checking '/home/arz-1017/task/task_ws/install/ros2_mapping' for CMake module files
[2.298s] Level 1:colcon.colcon_core.environment:checking '/home/arz-1017/task/task_ws/install/ros2_mapping' for CMake config files
[2.299s] Level 1:colcon.colcon_core.environment:checking '/home/arz-1017/task/task_ws/install/ros2_mapping/lib'
[2.299s] Level 1:colcon.colcon_core.environment:checking '/home/arz-1017/task/task_ws/install/ros2_mapping/bin'
[2.299s] Level 1:colcon.colcon_core.environment:checking '/home/arz-1017/task/task_ws/install/ros2_mapping/lib/pkgconfig/ros2_mapping.pc'
[2.299s] Level 1:colcon.colcon_core.environment:checking '/home/arz-1017/task/task_ws/install/ros2_mapping/lib/python3.12/site-packages'
[2.299s] Level 1:colcon.colcon_core.shell:create_environment_hook('ros2_mapping', 'pythonpath')
[2.300s] INFO:colcon.colcon_core.shell:Creating environment hook '/home/arz-1017/task/task_ws/install/ros2_mapping/share/ros2_mapping/hook/pythonpath.ps1'
[2.300s] INFO:colcon.colcon_core.shell:Creating environment descriptor '/home/arz-1017/task/task_ws/install/ros2_mapping/share/ros2_mapping/hook/pythonpath.dsv'
[2.300s] INFO:colcon.colcon_core.shell:Creating environment hook '/home/arz-1017/task/task_ws/install/ros2_mapping/share/ros2_mapping/hook/pythonpath.sh'
[2.301s] Level 1:colcon.colcon_core.environment:checking '/home/arz-1017/task/task_ws/install/ros2_mapping/bin'
[2.301s] Level 1:colcon.colcon_core.environment:create_environment_scripts_only(ros2_mapping)
[2.301s] INFO:colcon.colcon_core.shell:Creating package script '/home/arz-1017/task/task_ws/install/ros2_mapping/share/ros2_mapping/package.ps1'
[2.302s] INFO:colcon.colcon_core.shell:Creating package descriptor '/home/arz-1017/task/task_ws/install/ros2_mapping/share/ros2_mapping/package.dsv'
[2.303s] INFO:colcon.colcon_core.shell:Creating package script '/home/arz-1017/task/task_ws/install/ros2_mapping/share/ros2_mapping/package.sh'
[2.303s] INFO:colcon.colcon_core.shell:Creating package script '/home/arz-1017/task/task_ws/install/ros2_mapping/share/ros2_mapping/package.bash'
[2.304s] INFO:colcon.colcon_core.shell:Creating package script '/home/arz-1017/task/task_ws/install/ros2_mapping/share/ros2_mapping/package.zsh'
[2.305s] Level 1:colcon.colcon_core.environment:create_file_with_runtime_dependencies(/home/arz-1017/task/task_ws/install/ros2_mapping/share/colcon-core/packages/ros2_mapping)
[2.306s] Level 1:colcon.colcon_core.environment:checking '/home/arz-1017/task/task_ws/install/tortoise_description' for CMake module files
[2.307s] DEBUG:colcon.colcon_core.event_handler.log_command:Invoked command in '/home/arz-1017/task/task_ws/src/tortoise_description' returned '0': DEBUGINFOD_URLS=https://debuginfod.ubuntu.com PYTHONPATH=/home/arz-1017/task/task_ws/build/tortoise_description/prefix_override:/usr/lib/python3/dist-packages/colcon_core/task/python/colcon_distutils_commands:/home/arz-1017/task/task_ws/install/tortoise_description/lib/python3.12/site-packages:${PYTHONPATH} /usr/bin/python3 -W ignore:setup.py install is deprecated -W ignore:easy_install command is deprecated setup.py egg_info --egg-base ../../build/tortoise_description build --build-base /home/arz-1017/task/task_ws/build/tortoise_description/build install --record /home/arz-1017/task/task_ws/build/tortoise_description/install.log --single-version-externally-managed install_data
[2.307s] Level 1:colcon.colcon_core.environment:checking '/home/arz-1017/task/task_ws/install/tortoise_description' for CMake config files
[2.308s] Level 1:colcon.colcon_core.environment:checking '/home/arz-1017/task/task_ws/install/tortoise_description/lib'
[2.308s] Level 1:colcon.colcon_core.environment:checking '/home/arz-1017/task/task_ws/install/tortoise_description/bin'
[2.308s] Level 1:colcon.colcon_core.environment:checking '/home/arz-1017/task/task_ws/install/tortoise_description/lib/pkgconfig/tortoise_description.pc'
[2.308s] Level 1:colcon.colcon_core.environment:checking '/home/arz-1017/task/task_ws/install/tortoise_description/lib/python3.12/site-packages'
[2.308s] Level 1:colcon.colcon_core.shell:create_environment_hook('tortoise_description', 'pythonpath')
[2.308s] INFO:colcon.colcon_core.shell:Creating environment hook '/home/arz-1017/task/task_ws/install/tortoise_description/share/tortoise_description/hook/pythonpath.ps1'
[2.309s] INFO:colcon.colcon_core.shell:Creating environment descriptor '/home/arz-1017/task/task_ws/install/tortoise_description/share/tortoise_description/hook/pythonpath.dsv'
[2.309s] INFO:colcon.colcon_core.shell:Creating environment hook '/home/arz-1017/task/task_ws/install/tortoise_description/share/tortoise_description/hook/pythonpath.sh'
[2.310s] Level 1:colcon.colcon_core.environment:checking '/home/arz-1017/task/task_ws/install/tortoise_description/bin'
[2.310s] Level 1:colcon.colcon_core.environment:create_environment_scripts_only(tortoise_description)
[2.310s] INFO:colcon.colcon_core.shell:Creating package script '/home/arz-1017/task/task_ws/install/tortoise_description/share/tortoise_description/package.ps1'
[2.311s] INFO:colcon.colcon_core.shell:Creating package descriptor '/home/arz-1017/task/task_ws/install/tortoise_description/share/tortoise_description/package.dsv'
[2.311s] INFO:colcon.colcon_core.shell:Creating package script '/home/arz-1017/task/task_ws/install/tortoise_description/share/tortoise_description/package.sh'
[2.311s] INFO:colcon.colcon_core.shell:Creating package script '/home/arz-1017/task/task_ws/install/tortoise_description/share/tortoise_description/package.bash'
[2.312s] INFO:colcon.colcon_core.shell:Creating package script '/home/arz-1017/task/task_ws/install/tortoise_description/share/tortoise_description/package.zsh'
[2.312s] Level 1:colcon.colcon_core.environment:create_file_with_runtime_dependencies(/home/arz-1017/task/task_ws/install/tortoise_description/share/colcon-core/packages/tortoise_description)
[2.312s] Level 1:colcon.colcon_core.environment:checking '/home/arz-1017/task/task_ws/install/tortoisebot_gazebo' for CMake module files
[2.313s] Level 1:colcon.colcon_core.environment:checking '/home/arz-1017/task/task_ws/install/tortoisebot_gazebo' for CMake config files
[2.314s] DEBUG:colcon.colcon_core.event_handler.log_command:Invoked command in '/home/arz-1017/task/task_ws/src/tortoisebot_gazebo' returned '0': DEBUGINFOD_URLS=https://debuginfod.ubuntu.com PYTHONPATH=/home/arz-1017/task/task_ws/build/tortoisebot_gazebo/prefix_override:/usr/lib/python3/dist-packages/colcon_core/task/python/colcon_distutils_commands:/home/arz-1017/task/task_ws/install/tortoisebot_gazebo/lib/python3.12/site-packages:${PYTHONPATH} /usr/bin/python3 -W ignore:setup.py install is deprecated -W ignore:easy_install command is deprecated setup.py egg_info --egg-base ../../build/tortoisebot_gazebo build --build-base /home/arz-1017/task/task_ws/build/tortoisebot_gazebo/build install --record /home/arz-1017/task/task_ws/build/tortoisebot_gazebo/install.log --single-version-externally-managed install_data
[2.314s] Level 1:colcon.colcon_core.environment:checking '/home/arz-1017/task/task_ws/install/tortoisebot_gazebo/lib'
[2.314s] Level 1:colcon.colcon_core.environment:checking '/home/arz-1017/task/task_ws/install/tortoisebot_gazebo/bin'
[2.314s] Level 1:colcon.colcon_core.environment:checking '/home/arz-1017/task/task_ws/install/tortoisebot_gazebo/lib/pkgconfig/tortoisebot_gazebo.pc'
[2.315s] Level 1:colcon.colcon_core.environment:checking '/home/arz-1017/task/task_ws/install/tortoisebot_gazebo/lib/python3.12/site-packages'
[2.315s] Level 1:colcon.colcon_core.shell:create_environment_hook('tortoisebot_gazebo', 'pythonpath')
[2.315s] INFO:colcon.colcon_core.shell:Creating environment hook '/home/arz-1017/task/task_ws/install/tortoisebot_gazebo/share/tortoisebot_gazebo/hook/pythonpath.ps1'
[2.315s] INFO:colcon.colcon_core.shell:Creating environment descriptor '/home/arz-1017/task/task_ws/install/tortoisebot_gazebo/share/tortoisebot_gazebo/hook/pythonpath.dsv'
[2.316s] INFO:colcon.colcon_core.shell:Creating environment hook '/home/arz-1017/task/task_ws/install/tortoisebot_gazebo/share/tortoisebot_gazebo/hook/pythonpath.sh'
[2.316s] Level 1:colcon.colcon_core.environment:checking '/home/arz-1017/task/task_ws/install/tortoisebot_gazebo/bin'
[2.316s] Level 1:colcon.colcon_core.environment:create_environment_scripts_only(tortoisebot_gazebo)
[2.316s] INFO:colcon.colcon_core.shell:Creating package script '/home/arz-1017/task/task_ws/install/tortoisebot_gazebo/share/tortoisebot_gazebo/package.ps1'
[2.317s] INFO:colcon.colcon_core.shell:Creating package descriptor '/home/arz-1017/task/task_ws/install/tortoisebot_gazebo/share/tortoisebot_gazebo/package.dsv'
[2.317s] INFO:colcon.colcon_core.shell:Creating package script '/home/arz-1017/task/task_ws/install/tortoisebot_gazebo/share/tortoisebot_gazebo/package.sh'
[2.317s] INFO:colcon.colcon_core.shell:Creating package script '/home/arz-1017/task/task_ws/install/tortoisebot_gazebo/share/tortoisebot_gazebo/package.bash'
[2.318s] INFO:colcon.colcon_core.shell:Creating package script '/home/arz-1017/task/task_ws/install/tortoisebot_gazebo/share/tortoisebot_gazebo/package.zsh'
[2.318s] Level 1:colcon.colcon_core.environment:create_file_with_runtime_dependencies(/home/arz-1017/task/task_ws/install/tortoisebot_gazebo/share/colcon-core/packages/tortoisebot_gazebo)
[2.318s] DEBUG:colcon.colcon_parallel_executor.executor.parallel:closing loop
[2.318s] DEBUG:colcon.colcon_parallel_executor.executor.parallel:loop closed
[2.318s] DEBUG:colcon.colcon_parallel_executor.executor.parallel:run_until_complete finished with '0'
[2.318s] DEBUG:colcon.colcon_core.event_reactor:joining thread
[2.324s] INFO:colcon.colcon_core.plugin_system:Skipping extension 'colcon_notification.desktop_notification.terminal_notifier': Not used on non-Darwin systems
[2.324s] INFO:colcon.colcon_core.plugin_system:Skipping extension 'colcon_notification.desktop_notification.win32': Not used on non-Windows systems
[2.324s] INFO:colcon.colcon_notification.desktop_notification:Sending desktop notification using 'notify2'
[2.336s] DEBUG:colcon.colcon_core.event_reactor:joined thread
[2.337s] INFO:colcon.colcon_core.shell:Creating prefix script '/home/arz-1017/task/task_ws/install/local_setup.ps1'
[2.337s] INFO:colcon.colcon_core.shell:Creating prefix util module '/home/arz-1017/task/task_ws/install/_local_setup_util_ps1.py'
[2.338s] INFO:colcon.colcon_core.shell:Creating prefix chain script '/home/arz-1017/task/task_ws/install/setup.ps1'
[2.340s] INFO:colcon.colcon_core.shell:Creating prefix script '/home/arz-1017/task/task_ws/install/local_setup.sh'
[2.340s] INFO:colcon.colcon_core.shell:Creating prefix util module '/home/arz-1017/task/task_ws/install/_local_setup_util_sh.py'
[2.341s] INFO:colcon.colcon_core.shell:Creating prefix chain script '/home/arz-1017/task/task_ws/install/setup.sh'
[2.342s] INFO:colcon.colcon_core.shell:Creating prefix script '/home/arz-1017/task/task_ws/install/local_setup.bash'
[2.342s] INFO:colcon.colcon_core.shell:Creating prefix chain script '/home/arz-1017/task/task_ws/install/setup.bash'
[2.344s] INFO:colcon.colcon_core.shell:Creating prefix script '/home/arz-1017/task/task_ws/install/local_setup.zsh'
[2.344s] INFO:colcon.colcon_core.shell:Creating prefix chain script '/home/arz-1017/task/task_ws/install/setup.zsh'
