[0.530s] Invoking command in '/home/arz-1017/task/task_ws/src/ros2_mapping': DEBUGINFOD_URLS=https://debuginfod.ubuntu.com PYTHONPATH=/home/arz-1017/task/task_ws/build/ros2_mapping/prefix_override:/usr/lib/python3/dist-packages/colcon_core/task/python/colcon_distutils_commands:/home/arz-1017/task/task_ws/install/ros2_mapping/lib/python3.12/site-packages:${PYTHONPATH} /usr/bin/python3 -W ignore:setup.py install is deprecated -W ignore:easy_install command is deprecated setup.py egg_info --egg-base ../../build/ros2_mapping build --build-base /home/arz-1017/task/task_ws/build/ros2_mapping/build install --record /home/arz-1017/task/task_ws/build/ros2_mapping/install.log --single-version-externally-managed install_data
[0.706s] running egg_info
[0.720s] writing ../../build/ros2_mapping/ros2_mapping.egg-info/PKG-INFO
[0.720s] writing dependency_links to ../../build/ros2_mapping/ros2_mapping.egg-info/dependency_links.txt
[0.720s] writing requirements to ../../build/ros2_mapping/ros2_mapping.egg-info/requires.txt
[0.720s] writing top-level names to ../../build/ros2_mapping/ros2_mapping.egg-info/top_level.txt
[0.747s] reading manifest file '../../build/ros2_mapping/ros2_mapping.egg-info/SOURCES.txt'
[0.747s] writing manifest file '../../build/ros2_mapping/ros2_mapping.egg-info/SOURCES.txt'
[0.747s] running build
[0.747s] running build_py
[0.747s] running install
[0.751s] running install_lib
[0.765s] running install_data
[0.765s] copying launch/online_async_launch.py -> /home/arz-1017/task/task_ws/install/ros2_mapping/share/ros2_mapping/launch
[0.765s] running install_egg_info
[0.779s] removing '/home/arz-1017/task/task_ws/install/ros2_mapping/lib/python3.12/site-packages/ros2_mapping-0.0.0-py3.12.egg-info' (and everything under it)
[0.779s] Copying ../../build/ros2_mapping/ros2_mapping.egg-info to /home/arz-1017/task/task_ws/install/ros2_mapping/lib/python3.12/site-packages/ros2_mapping-0.0.0-py3.12.egg-info
[0.779s] running install_scripts
[0.869s] writing list of installed files to '/home/arz-1017/task/task_ws/build/ros2_mapping/install.log'
[0.885s] Invoked command in '/home/arz-1017/task/task_ws/src/ros2_mapping' returned '0': DEBUGINFOD_URLS=https://debuginfod.ubuntu.com PYTHONPATH=/home/arz-1017/task/task_ws/build/ros2_mapping/prefix_override:/usr/lib/python3/dist-packages/colcon_core/task/python/colcon_distutils_commands:/home/arz-1017/task/task_ws/install/ros2_mapping/lib/python3.12/site-packages:${PYTHONPATH} /usr/bin/python3 -W ignore:setup.py install is deprecated -W ignore:easy_install command is deprecated setup.py egg_info --egg-base ../../build/ros2_mapping build --build-base /home/arz-1017/task/task_ws/build/ros2_mapping/build install --record /home/arz-1017/task/task_ws/build/ros2_mapping/install.log --single-version-externally-managed install_data
