[1.709s] Invoking command in '/home/arz-1017/task/task_ws/src/depth_camera': DEBUGINFOD_URLS=https://debuginfod.ubuntu.com PYTHONPATH=/home/arz-1017/task/task_ws/build/depth_camera/prefix_override:/usr/lib/python3/dist-packages/colcon_core/task/python/colcon_distutils_commands:/home/arz-1017/task/task_ws/install/depth_camera/lib/python3.12/site-packages:${PYTHONPATH} /usr/bin/python3 -W ignore:setup.py install is deprecated -W ignore:easy_install command is deprecated setup.py egg_info --egg-base ../../build/depth_camera build --build-base /home/arz-1017/task/task_ws/build/depth_camera/build install --record /home/arz-1017/task/task_ws/build/depth_camera/install.log --single-version-externally-managed install_data
[2.014s] running egg_info
[2.038s] writing ../../build/depth_camera/depth_camera.egg-info/PKG-INFO
[2.038s] writing dependency_links to ../../build/depth_camera/depth_camera.egg-info/dependency_links.txt
[2.039s] writing requirements to ../../build/depth_camera/depth_camera.egg-info/requires.txt
[2.039s] writing top-level names to ../../build/depth_camera/depth_camera.egg-info/top_level.txt
[2.086s] reading manifest file '../../build/depth_camera/depth_camera.egg-info/SOURCES.txt'
[2.087s] adding license file 'LICENSE'
[2.087s] writing manifest file '../../build/depth_camera/depth_camera.egg-info/SOURCES.txt'
[2.087s] running build
[2.087s] running build_py
[2.088s] running install
[2.096s] running install_lib
[2.120s] running install_data
[2.121s] running install_egg_info
[2.145s] removing '/home/arz-1017/task/task_ws/install/depth_camera/lib/python3.12/site-packages/depth_camera-0.0.0-py3.12.egg-info' (and everything under it)
[2.145s] Copying ../../build/depth_camera/depth_camera.egg-info to /home/arz-1017/task/task_ws/install/depth_camera/lib/python3.12/site-packages/depth_camera-0.0.0-py3.12.egg-info
[2.146s] running install_scripts
[2.305s] writing list of installed files to '/home/arz-1017/task/task_ws/build/depth_camera/install.log'
[2.356s] Invoked command in '/home/arz-1017/task/task_ws/src/depth_camera' returned '0': DEBUGINFOD_URLS=https://debuginfod.ubuntu.com PYTHONPATH=/home/arz-1017/task/task_ws/build/depth_camera/prefix_override:/usr/lib/python3/dist-packages/colcon_core/task/python/colcon_distutils_commands:/home/arz-1017/task/task_ws/install/depth_camera/lib/python3.12/site-packages:${PYTHONPATH} /usr/bin/python3 -W ignore:setup.py install is deprecated -W ignore:easy_install command is deprecated setup.py egg_info --egg-base ../../build/depth_camera build --build-base /home/arz-1017/task/task_ws/build/depth_camera/build install --record /home/arz-1017/task/task_ws/build/depth_camera/install.log --single-version-externally-managed install_data
