running egg_info
creating ../../build/ros2_mapping/ros2_mapping.egg-info
writing ../../build/ros2_mapping/ros2_mapping.egg-info/PKG-INFO
writing dependency_links to ../../build/ros2_mapping/ros2_mapping.egg-info/dependency_links.txt
writing requirements to ../../build/ros2_mapping/ros2_mapping.egg-info/requires.txt
writing top-level names to ../../build/ros2_mapping/ros2_mapping.egg-info/top_level.txt
writing manifest file '../../build/ros2_mapping/ros2_mapping.egg-info/SOURCES.txt'
reading manifest file '../../build/ros2_mapping/ros2_mapping.egg-info/SOURCES.txt'
writing manifest file '../../build/ros2_mapping/ros2_mapping.egg-info/SOURCES.txt'
running build
running build_py
creating /home/arz-1017/task/task_ws/build/ros2_mapping/build
creating /home/arz-1017/task/task_ws/build/ros2_mapping/build/lib
creating /home/arz-1017/task/task_ws/build/ros2_mapping/build/lib/ros2_mapping
copying ros2_mapping/__init__.py -> /home/arz-1017/task/task_ws/build/ros2_mapping/build/lib/ros2_mapping
running install
running install_lib
creating /home/arz-1017/task/task_ws/install/ros2_mapping/lib/python3.12/site-packages/ros2_mapping
copying /home/arz-1017/task/task_ws/build/ros2_mapping/build/lib/ros2_mapping/__init__.py -> /home/arz-1017/task/task_ws/install/ros2_mapping/lib/python3.12/site-packages/ros2_mapping
byte-compiling /home/arz-1017/task/task_ws/install/ros2_mapping/lib/python3.12/site-packages/ros2_mapping/__init__.py to __init__.cpython-312.pyc
running install_data
creating /home/arz-1017/task/task_ws/install/ros2_mapping/share/ament_index
creating /home/arz-1017/task/task_ws/install/ros2_mapping/share/ament_index/resource_index
creating /home/arz-1017/task/task_ws/install/ros2_mapping/share/ament_index/resource_index/packages
copying resource/ros2_mapping -> /home/arz-1017/task/task_ws/install/ros2_mapping/share/ament_index/resource_index/packages
copying package.xml -> /home/arz-1017/task/task_ws/install/ros2_mapping/share/ros2_mapping
creating /home/arz-1017/task/task_ws/install/ros2_mapping/share/ros2_mapping/launch
copying launch/online_async_launch.py -> /home/arz-1017/task/task_ws/install/ros2_mapping/share/ros2_mapping/launch
creating /home/arz-1017/task/task_ws/install/ros2_mapping/share/tortoisebot_gazebo
creating /home/arz-1017/task/task_ws/install/ros2_mapping/share/tortoisebot_gazebo/urdf
running install_egg_info
Copying ../../build/ros2_mapping/ros2_mapping.egg-info to /home/arz-1017/task/task_ws/install/ros2_mapping/lib/python3.12/site-packages/ros2_mapping-0.0.0-py3.12.egg-info
running install_scripts
writing list of installed files to '/home/arz-1017/task/task_ws/build/ros2_mapping/install.log'
