[1.365s] Invoking command in '/home/arz-1017/task/task_ws/src/ros2_mapping': DEBUGINFOD_URLS=https://debuginfod.ubuntu.com PYTHONPATH=/home/arz-1017/task/task_ws/build/ros2_mapping/prefix_override:/usr/lib/python3/dist-packages/colcon_core/task/python/colcon_distutils_commands:/home/arz-1017/task/task_ws/install/ros2_mapping/lib/python3.12/site-packages:${PYTHONPATH} /usr/bin/python3 -W ignore:setup.py install is deprecated -W ignore:easy_install command is deprecated setup.py egg_info --egg-base ../../build/ros2_mapping build --build-base /home/arz-1017/task/task_ws/build/ros2_mapping/build install --record /home/arz-1017/task/task_ws/build/ros2_mapping/install.log --single-version-externally-managed install_data
[1.651s] running egg_info
[1.651s] creating ../../build/ros2_mapping/ros2_mapping.egg-info
[1.672s] writing ../../build/ros2_mapping/ros2_mapping.egg-info/PKG-INFO
[1.672s] writing dependency_links to ../../build/ros2_mapping/ros2_mapping.egg-info/dependency_links.txt
[1.672s] writing requirements to ../../build/ros2_mapping/ros2_mapping.egg-info/requires.txt
[1.672s] writing top-level names to ../../build/ros2_mapping/ros2_mapping.egg-info/top_level.txt
[1.672s] writing manifest file '../../build/ros2_mapping/ros2_mapping.egg-info/SOURCES.txt'
[1.717s] reading manifest file '../../build/ros2_mapping/ros2_mapping.egg-info/SOURCES.txt'
[1.718s] writing manifest file '../../build/ros2_mapping/ros2_mapping.egg-info/SOURCES.txt'
[1.718s] running build
[1.718s] running build_py
[1.718s] creating /home/arz-1017/task/task_ws/build/ros2_mapping/build
[1.718s] creating /home/arz-1017/task/task_ws/build/ros2_mapping/build/lib
[1.719s] creating /home/arz-1017/task/task_ws/build/ros2_mapping/build/lib/ros2_mapping
[1.719s] copying ros2_mapping/__init__.py -> /home/arz-1017/task/task_ws/build/ros2_mapping/build/lib/ros2_mapping
[1.719s] running install
[1.726s] running install_lib
[1.748s] creating /home/arz-1017/task/task_ws/install/ros2_mapping/lib/python3.12/site-packages/ros2_mapping
[1.748s] copying /home/arz-1017/task/task_ws/build/ros2_mapping/build/lib/ros2_mapping/__init__.py -> /home/arz-1017/task/task_ws/install/ros2_mapping/lib/python3.12/site-packages/ros2_mapping
[1.749s] byte-compiling /home/arz-1017/task/task_ws/install/ros2_mapping/lib/python3.12/site-packages/ros2_mapping/__init__.py to __init__.cpython-312.pyc
[1.749s] running install_data
[1.749s] creating /home/arz-1017/task/task_ws/install/ros2_mapping/share/ament_index
[1.749s] creating /home/arz-1017/task/task_ws/install/ros2_mapping/share/ament_index/resource_index
[1.749s] creating /home/arz-1017/task/task_ws/install/ros2_mapping/share/ament_index/resource_index/packages
[1.749s] copying resource/ros2_mapping -> /home/arz-1017/task/task_ws/install/ros2_mapping/share/ament_index/resource_index/packages
[1.749s] copying package.xml -> /home/arz-1017/task/task_ws/install/ros2_mapping/share/ros2_mapping
[1.750s] creating /home/arz-1017/task/task_ws/install/ros2_mapping/share/ros2_mapping/launch
[1.750s] copying launch/online_async_launch.py -> /home/arz-1017/task/task_ws/install/ros2_mapping/share/ros2_mapping/launch
[1.750s] creating /home/arz-1017/task/task_ws/install/ros2_mapping/share/tortoisebot_gazebo
[1.750s] creating /home/arz-1017/task/task_ws/install/ros2_mapping/share/tortoisebot_gazebo/urdf
[1.750s] running install_egg_info
[1.773s] Copying ../../build/ros2_mapping/ros2_mapping.egg-info to /home/arz-1017/task/task_ws/install/ros2_mapping/lib/python3.12/site-packages/ros2_mapping-0.0.0-py3.12.egg-info
[1.774s] running install_scripts
[1.927s] writing list of installed files to '/home/arz-1017/task/task_ws/build/ros2_mapping/install.log'
[1.967s] Invoked command in '/home/arz-1017/task/task_ws/src/ros2_mapping' returned '0': DEBUGINFOD_URLS=https://debuginfod.ubuntu.com PYTHONPATH=/home/arz-1017/task/task_ws/build/ros2_mapping/prefix_override:/usr/lib/python3/dist-packages/colcon_core/task/python/colcon_distutils_commands:/home/arz-1017/task/task_ws/install/ros2_mapping/lib/python3.12/site-packages:${PYTHONPATH} /usr/bin/python3 -W ignore:setup.py install is deprecated -W ignore:easy_install command is deprecated setup.py egg_info --egg-base ../../build/ros2_mapping build --build-base /home/arz-1017/task/task_ws/build/ros2_mapping/build install --record /home/arz-1017/task/task_ws/build/ros2_mapping/install.log --single-version-externally-managed install_data
