[0.066s] DEBUG:colcon:Command line arguments: ['/usr/bin/colcon', 'build']
[0.066s] DEBUG:colcon:Parsed command line arguments: Namespace(log_base=None, log_level=None, verb_name='build', build_base='build', install_base='install', merge_install=False, symlink_install=False, test_result_base=None, continue_on_error=False, executor='parallel', parallel_workers=16, event_handlers=None, ignore_user_meta=False, metas=['./colcon.meta'], base_paths=['.'], packages_ignore=None, packages_ignore_regex=None, paths=None, packages_up_to=None, packages_up_to_regex=None, packages_above=None, packages_above_and_dependencies=None, packages_above_depth=None, packages_select_by_dep=None, packages_skip_by_dep=None, packages_skip_up_to=None, packages_select_build_failed=False, packages_skip_build_finished=False, packages_select_test_failures=False, packages_skip_test_passed=False, packages_select=None, packages_skip=None, packages_select_regex=None, packages_skip_regex=None, packages_start=None, packages_end=None, allow_overriding=[], cmake_args=None, cmake_target=None, cmake_target_skip_unavailable=False, cmake_clean_cache=False, cmake_clean_first=False, cmake_force_configure=False, ament_cmake_args=None, catkin_cmake_args=None, catkin_skip_building_tests=False, mixin_files=None, mixin=None, verb_parser=<colcon_mixin.mixin.mixin_argument.MixinArgumentDecorator object at 0x7ae48d7a0e30>, verb_extension=<colcon_core.verb.build.BuildVerb object at 0x7ae48d7a0b90>, main=<bound method BuildVerb.main of <colcon_core.verb.build.BuildVerb object at 0x7ae48d7a0b90>>, mixin_verb=('build',))
[0.090s] Level 1:colcon.colcon_core.package_discovery:discover_packages(colcon_meta) check parameters
[0.090s] Level 1:colcon.colcon_core.package_discovery:discover_packages(recursive) check parameters
[0.090s] Level 1:colcon.colcon_core.package_discovery:discover_packages(ignore) check parameters
[0.090s] Level 1:colcon.colcon_core.package_discovery:discover_packages(path) check parameters
[0.090s] Level 1:colcon.colcon_core.package_discovery:discover_packages(colcon_meta) discover
[0.090s] Level 1:colcon.colcon_core.package_discovery:discover_packages(recursive) discover
[0.090s] INFO:colcon.colcon_core.package_discovery:Crawling recursively for packages in '/home/arz-1017/task/task_ws'
[0.090s] Level 1:colcon.colcon_core.package_identification:_identify(.) by extensions ['ignore', 'ignore_ament_install']
[0.090s] Level 1:colcon.colcon_core.package_identification:_identify(.) by extension 'ignore'
[0.090s] Level 1:colcon.colcon_core.package_identification:_identify(.) by extension 'ignore_ament_install'
[0.090s] Level 1:colcon.colcon_core.package_identification:_identify(.) by extensions ['colcon_pkg']
[0.090s] Level 1:colcon.colcon_core.package_identification:_identify(.) by extension 'colcon_pkg'
[0.090s] Level 1:colcon.colcon_core.package_identification:_identify(.) by extensions ['colcon_meta']
[0.090s] Level 1:colcon.colcon_core.package_identification:_identify(.) by extension 'colcon_meta'
[0.090s] Level 1:colcon.colcon_core.package_identification:_identify(.) by extensions ['ros']
[0.090s] Level 1:colcon.colcon_core.package_identification:_identify(.) by extension 'ros'
[0.106s] Level 1:colcon.colcon_core.package_identification:_identify(.) by extensions ['cmake', 'python']
[0.106s] Level 1:colcon.colcon_core.package_identification:_identify(.) by extension 'cmake'
[0.106s] Level 1:colcon.colcon_core.package_identification:_identify(.) by extension 'python'
[0.106s] Level 1:colcon.colcon_core.package_identification:_identify(.) by extensions ['python_setup_py']
[0.106s] Level 1:colcon.colcon_core.package_identification:_identify(.) by extension 'python_setup_py'
[0.106s] Level 1:colcon.colcon_core.package_identification:_identify(build) by extensions ['ignore', 'ignore_ament_install']
[0.106s] Level 1:colcon.colcon_core.package_identification:_identify(build) by extension 'ignore'
[0.107s] Level 1:colcon.colcon_core.package_identification:_identify(build) ignored
[0.107s] Level 1:colcon.colcon_core.package_identification:_identify(install) by extensions ['ignore', 'ignore_ament_install']
[0.107s] Level 1:colcon.colcon_core.package_identification:_identify(install) by extension 'ignore'
[0.107s] Level 1:colcon.colcon_core.package_identification:_identify(install) ignored
[0.107s] Level 1:colcon.colcon_core.package_identification:_identify(log) by extensions ['ignore', 'ignore_ament_install']
[0.107s] Level 1:colcon.colcon_core.package_identification:_identify(log) by extension 'ignore'
[0.107s] Level 1:colcon.colcon_core.package_identification:_identify(log) ignored
[0.107s] Level 1:colcon.colcon_core.package_identification:_identify(src) by extensions ['ignore', 'ignore_ament_install']
[0.107s] Level 1:colcon.colcon_core.package_identification:_identify(src) by extension 'ignore'
[0.107s] Level 1:colcon.colcon_core.package_identification:_identify(src) by extension 'ignore_ament_install'
[0.107s] Level 1:colcon.colcon_core.package_identification:_identify(src) by extensions ['colcon_pkg']
[0.107s] Level 1:colcon.colcon_core.package_identification:_identify(src) by extension 'colcon_pkg'
[0.107s] Level 1:colcon.colcon_core.package_identification:_identify(src) by extensions ['colcon_meta']
[0.107s] Level 1:colcon.colcon_core.package_identification:_identify(src) by extension 'colcon_meta'
[0.107s] Level 1:colcon.colcon_core.package_identification:_identify(src) by extensions ['ros']
[0.107s] Level 1:colcon.colcon_core.package_identification:_identify(src) by extension 'ros'
[0.107s] Level 1:colcon.colcon_core.package_identification:_identify(src) by extensions ['cmake', 'python']
[0.107s] Level 1:colcon.colcon_core.package_identification:_identify(src) by extension 'cmake'
[0.107s] Level 1:colcon.colcon_core.package_identification:_identify(src) by extension 'python'
[0.107s] Level 1:colcon.colcon_core.package_identification:_identify(src) by extensions ['python_setup_py']
[0.108s] Level 1:colcon.colcon_core.package_identification:_identify(src) by extension 'python_setup_py'
[0.108s] Level 1:colcon.colcon_core.package_identification:_identify(src/ros2_mapping) by extensions ['ignore', 'ignore_ament_install']
[0.108s] Level 1:colcon.colcon_core.package_identification:_identify(src/ros2_mapping) by extension 'ignore'
[0.108s] Level 1:colcon.colcon_core.package_identification:_identify(src/ros2_mapping) by extension 'ignore_ament_install'
[0.108s] Level 1:colcon.colcon_core.package_identification:_identify(src/ros2_mapping) by extensions ['colcon_pkg']
[0.108s] Level 1:colcon.colcon_core.package_identification:_identify(src/ros2_mapping) by extension 'colcon_pkg'
[0.108s] Level 1:colcon.colcon_core.package_identification:_identify(src/ros2_mapping) by extensions ['colcon_meta']
[0.108s] Level 1:colcon.colcon_core.package_identification:_identify(src/ros2_mapping) by extension 'colcon_meta'
[0.108s] Level 1:colcon.colcon_core.package_identification:_identify(src/ros2_mapping) by extensions ['ros']
[0.108s] Level 1:colcon.colcon_core.package_identification:_identify(src/ros2_mapping) by extension 'ros'
[0.109s] DEBUG:colcon.colcon_core.package_identification:Package 'src/ros2_mapping' with type 'ros.ament_python' and name 'ros2_mapping'
[0.109s] Level 1:colcon.colcon_core.package_identification:_identify(src/tortoise_description) by extensions ['ignore', 'ignore_ament_install']
[0.109s] Level 1:colcon.colcon_core.package_identification:_identify(src/tortoise_description) by extension 'ignore'
[0.110s] Level 1:colcon.colcon_core.package_identification:_identify(src/tortoise_description) by extension 'ignore_ament_install'
[0.110s] Level 1:colcon.colcon_core.package_identification:_identify(src/tortoise_description) by extensions ['colcon_pkg']
[0.110s] Level 1:colcon.colcon_core.package_identification:_identify(src/tortoise_description) by extension 'colcon_pkg'
[0.110s] Level 1:colcon.colcon_core.package_identification:_identify(src/tortoise_description) by extensions ['colcon_meta']
[0.110s] Level 1:colcon.colcon_core.package_identification:_identify(src/tortoise_description) by extension 'colcon_meta'
[0.110s] Level 1:colcon.colcon_core.package_identification:_identify(src/tortoise_description) by extensions ['ros']
[0.110s] Level 1:colcon.colcon_core.package_identification:_identify(src/tortoise_description) by extension 'ros'
[0.110s] DEBUG:colcon.colcon_core.package_identification:Package 'src/tortoise_description' with type 'ros.ament_python' and name 'tortoise_description'
[0.110s] Level 1:colcon.colcon_core.package_identification:_identify(src/tortoisebot_gazebo) by extensions ['ignore', 'ignore_ament_install']
[0.110s] Level 1:colcon.colcon_core.package_identification:_identify(src/tortoisebot_gazebo) by extension 'ignore'
[0.110s] Level 1:colcon.colcon_core.package_identification:_identify(src/tortoisebot_gazebo) by extension 'ignore_ament_install'
[0.110s] Level 1:colcon.colcon_core.package_identification:_identify(src/tortoisebot_gazebo) by extensions ['colcon_pkg']
[0.110s] Level 1:colcon.colcon_core.package_identification:_identify(src/tortoisebot_gazebo) by extension 'colcon_pkg'
[0.110s] Level 1:colcon.colcon_core.package_identification:_identify(src/tortoisebot_gazebo) by extensions ['colcon_meta']
[0.110s] Level 1:colcon.colcon_core.package_identification:_identify(src/tortoisebot_gazebo) by extension 'colcon_meta'
[0.110s] Level 1:colcon.colcon_core.package_identification:_identify(src/tortoisebot_gazebo) by extensions ['ros']
[0.110s] Level 1:colcon.colcon_core.package_identification:_identify(src/tortoisebot_gazebo) by extension 'ros'
[0.111s] DEBUG:colcon.colcon_core.package_identification:Package 'src/tortoisebot_gazebo' with type 'ros.ament_python' and name 'tortoisebot_gazebo'
[0.111s] Level 1:colcon.colcon_core.package_discovery:discover_packages(recursive) using defaults
[0.111s] Level 1:colcon.colcon_core.package_discovery:discover_packages(ignore) discover
[0.111s] Level 1:colcon.colcon_core.package_discovery:discover_packages(ignore) using defaults
[0.111s] Level 1:colcon.colcon_core.package_discovery:discover_packages(path) discover
[0.111s] Level 1:colcon.colcon_core.package_discovery:discover_packages(path) using defaults
[0.122s] Level 1:colcon.colcon_core.package_discovery:discover_packages(prefix_path) check parameters
[0.122s] Level 1:colcon.colcon_core.package_discovery:discover_packages(prefix_path) discover
[0.123s] DEBUG:colcon.colcon_installed_package_information.package_discovery:Found 3 installed packages in /home/arz-1017/task/task_ws/install
[0.124s] DEBUG:colcon.colcon_installed_package_information.package_discovery:Found 395 installed packages in /opt/ros/jazzy
[0.125s] Level 1:colcon.colcon_core.package_discovery:discover_packages(prefix_path) using defaults
[0.158s] Level 5:colcon.colcon_core.verb:set package 'ros2_mapping' build argument 'cmake_args' from command line to 'None'
[0.158s] Level 5:colcon.colcon_core.verb:set package 'ros2_mapping' build argument 'cmake_target' from command line to 'None'
[0.158s] Level 5:colcon.colcon_core.verb:set package 'ros2_mapping' build argument 'cmake_target_skip_unavailable' from command line to 'False'
[0.158s] Level 5:colcon.colcon_core.verb:set package 'ros2_mapping' build argument 'cmake_clean_cache' from command line to 'False'
[0.158s] Level 5:colcon.colcon_core.verb:set package 'ros2_mapping' build argument 'cmake_clean_first' from command line to 'False'
[0.158s] Level 5:colcon.colcon_core.verb:set package 'ros2_mapping' build argument 'cmake_force_configure' from command line to 'False'
[0.158s] Level 5:colcon.colcon_core.verb:set package 'ros2_mapping' build argument 'ament_cmake_args' from command line to 'None'
[0.158s] Level 5:colcon.colcon_core.verb:set package 'ros2_mapping' build argument 'catkin_cmake_args' from command line to 'None'
[0.158s] Level 5:colcon.colcon_core.verb:set package 'ros2_mapping' build argument 'catkin_skip_building_tests' from command line to 'False'
[0.158s] DEBUG:colcon.colcon_core.verb:Building package 'ros2_mapping' with the following arguments: {'ament_cmake_args': None, 'build_base': '/home/arz-1017/task/task_ws/build/ros2_mapping', 'catkin_cmake_args': None, 'catkin_skip_building_tests': False, 'cmake_args': None, 'cmake_clean_cache': False, 'cmake_clean_first': False, 'cmake_force_configure': False, 'cmake_target': None, 'cmake_target_skip_unavailable': False, 'install_base': '/home/arz-1017/task/task_ws/install/ros2_mapping', 'merge_install': False, 'path': '/home/arz-1017/task/task_ws/src/ros2_mapping', 'symlink_install': False, 'test_result_base': None}
[0.158s] Level 5:colcon.colcon_core.verb:set package 'tortoise_description' build argument 'cmake_args' from command line to 'None'
[0.158s] Level 5:colcon.colcon_core.verb:set package 'tortoise_description' build argument 'cmake_target' from command line to 'None'
[0.158s] Level 5:colcon.colcon_core.verb:set package 'tortoise_description' build argument 'cmake_target_skip_unavailable' from command line to 'False'
[0.158s] Level 5:colcon.colcon_core.verb:set package 'tortoise_description' build argument 'cmake_clean_cache' from command line to 'False'
[0.158s] Level 5:colcon.colcon_core.verb:set package 'tortoise_description' build argument 'cmake_clean_first' from command line to 'False'
[0.158s] Level 5:colcon.colcon_core.verb:set package 'tortoise_description' build argument 'cmake_force_configure' from command line to 'False'
[0.158s] Level 5:colcon.colcon_core.verb:set package 'tortoise_description' build argument 'ament_cmake_args' from command line to 'None'
[0.158s] Level 5:colcon.colcon_core.verb:set package 'tortoise_description' build argument 'catkin_cmake_args' from command line to 'None'
[0.158s] Level 5:colcon.colcon_core.verb:set package 'tortoise_description' build argument 'catkin_skip_building_tests' from command line to 'False'
[0.158s] DEBUG:colcon.colcon_core.verb:Building package 'tortoise_description' with the following arguments: {'ament_cmake_args': None, 'build_base': '/home/arz-1017/task/task_ws/build/tortoise_description', 'catkin_cmake_args': None, 'catkin_skip_building_tests': False, 'cmake_args': None, 'cmake_clean_cache': False, 'cmake_clean_first': False, 'cmake_force_configure': False, 'cmake_target': None, 'cmake_target_skip_unavailable': False, 'install_base': '/home/arz-1017/task/task_ws/install/tortoise_description', 'merge_install': False, 'path': '/home/arz-1017/task/task_ws/src/tortoise_description', 'symlink_install': False, 'test_result_base': None}
[0.159s] Level 5:colcon.colcon_core.verb:set package 'tortoisebot_gazebo' build argument 'cmake_args' from command line to 'None'
[0.159s] Level 5:colcon.colcon_core.verb:set package 'tortoisebot_gazebo' build argument 'cmake_target' from command line to 'None'
[0.159s] Level 5:colcon.colcon_core.verb:set package 'tortoisebot_gazebo' build argument 'cmake_target_skip_unavailable' from command line to 'False'
[0.159s] Level 5:colcon.colcon_core.verb:set package 'tortoisebot_gazebo' build argument 'cmake_clean_cache' from command line to 'False'
[0.159s] Level 5:colcon.colcon_core.verb:set package 'tortoisebot_gazebo' build argument 'cmake_clean_first' from command line to 'False'
[0.159s] Level 5:colcon.colcon_core.verb:set package 'tortoisebot_gazebo' build argument 'cmake_force_configure' from command line to 'False'
[0.159s] Level 5:colcon.colcon_core.verb:set package 'tortoisebot_gazebo' build argument 'ament_cmake_args' from command line to 'None'
[0.159s] Level 5:colcon.colcon_core.verb:set package 'tortoisebot_gazebo' build argument 'catkin_cmake_args' from command line to 'None'
[0.159s] Level 5:colcon.colcon_core.verb:set package 'tortoisebot_gazebo' build argument 'catkin_skip_building_tests' from command line to 'False'
[0.159s] DEBUG:colcon.colcon_core.verb:Building package 'tortoisebot_gazebo' with the following arguments: {'ament_cmake_args': None, 'build_base': '/home/arz-1017/task/task_ws/build/tortoisebot_gazebo', 'catkin_cmake_args': None, 'catkin_skip_building_tests': False, 'cmake_args': None, 'cmake_clean_cache': False, 'cmake_clean_first': False, 'cmake_force_configure': False, 'cmake_target': None, 'cmake_target_skip_unavailable': False, 'install_base': '/home/arz-1017/task/task_ws/install/tortoisebot_gazebo', 'merge_install': False, 'path': '/home/arz-1017/task/task_ws/src/tortoisebot_gazebo', 'symlink_install': False, 'test_result_base': None}
[0.159s] INFO:colcon.colcon_core.executor:Executing jobs using 'parallel' executor
[0.160s] DEBUG:colcon.colcon_parallel_executor.executor.parallel:run_until_complete
[0.160s] INFO:colcon.colcon_ros.task.ament_python.build:Building ROS package in '/home/arz-1017/task/task_ws/src/ros2_mapping' with build type 'ament_python'
[0.160s] Level 1:colcon.colcon_core.shell:create_environment_hook('ros2_mapping', 'ament_prefix_path')
[0.161s] INFO:colcon.colcon_core.plugin_system:Skipping extension 'colcon_core.shell.bat': Not used on non-Windows systems
[0.161s] INFO:colcon.colcon_core.shell:Creating environment hook '/home/arz-1017/task/task_ws/install/ros2_mapping/share/ros2_mapping/hook/ament_prefix_path.ps1'
[0.161s] INFO:colcon.colcon_core.shell:Creating environment descriptor '/home/arz-1017/task/task_ws/install/ros2_mapping/share/ros2_mapping/hook/ament_prefix_path.dsv'
[0.162s] INFO:colcon.colcon_core.shell:Creating environment hook '/home/arz-1017/task/task_ws/install/ros2_mapping/share/ros2_mapping/hook/ament_prefix_path.sh'
[0.162s] INFO:colcon.colcon_core.shell:Skip shell extension 'powershell' for command environment: Not usable outside of PowerShell
[0.162s] DEBUG:colcon.colcon_core.shell:Skip shell extension 'dsv' for command environment
[0.165s] INFO:colcon.colcon_ros.task.ament_python.build:Building ROS package in '/home/arz-1017/task/task_ws/src/tortoise_description' with build type 'ament_python'
[0.166s] Level 1:colcon.colcon_core.shell:create_environment_hook('tortoise_description', 'ament_prefix_path')
[0.166s] INFO:colcon.colcon_core.shell:Creating environment hook '/home/arz-1017/task/task_ws/install/tortoise_description/share/tortoise_description/hook/ament_prefix_path.ps1'
[0.166s] INFO:colcon.colcon_core.shell:Creating environment descriptor '/home/arz-1017/task/task_ws/install/tortoise_description/share/tortoise_description/hook/ament_prefix_path.dsv'
[0.166s] INFO:colcon.colcon_core.shell:Creating environment hook '/home/arz-1017/task/task_ws/install/tortoise_description/share/tortoise_description/hook/ament_prefix_path.sh'
[0.167s] INFO:colcon.colcon_core.shell:Skip shell extension 'powershell' for command environment: Not usable outside of PowerShell
[0.167s] DEBUG:colcon.colcon_core.shell:Skip shell extension 'dsv' for command environment
[0.169s] INFO:colcon.colcon_ros.task.ament_python.build:Building ROS package in '/home/arz-1017/task/task_ws/src/tortoisebot_gazebo' with build type 'ament_python'
[0.169s] Level 1:colcon.colcon_core.shell:create_environment_hook('tortoisebot_gazebo', 'ament_prefix_path')
[0.169s] INFO:colcon.colcon_core.shell:Creating environment hook '/home/arz-1017/task/task_ws/install/tortoisebot_gazebo/share/tortoisebot_gazebo/hook/ament_prefix_path.ps1'
[0.170s] INFO:colcon.colcon_core.shell:Creating environment descriptor '/home/arz-1017/task/task_ws/install/tortoisebot_gazebo/share/tortoisebot_gazebo/hook/ament_prefix_path.dsv'
[0.170s] INFO:colcon.colcon_core.shell:Creating environment hook '/home/arz-1017/task/task_ws/install/tortoisebot_gazebo/share/tortoisebot_gazebo/hook/ament_prefix_path.sh'
[0.170s] INFO:colcon.colcon_core.shell:Skip shell extension 'powershell' for command environment: Not usable outside of PowerShell
[0.170s] DEBUG:colcon.colcon_core.shell:Skip shell extension 'dsv' for command environment
[0.309s] INFO:colcon.colcon_core.task.python.build:Building Python package in '/home/arz-1017/task/task_ws/src/ros2_mapping'
[0.309s] INFO:colcon.colcon_core.shell:Skip shell extension 'powershell' for command environment: Not usable outside of PowerShell
[0.309s] DEBUG:colcon.colcon_core.shell:Skip shell extension 'dsv' for command environment
[0.446s] INFO:colcon.colcon_core.task.python.build:Building Python package in '/home/arz-1017/task/task_ws/src/tortoise_description'
[0.446s] INFO:colcon.colcon_core.shell:Skip shell extension 'powershell' for command environment: Not usable outside of PowerShell
[0.455s] DEBUG:colcon.colcon_core.shell:Skip shell extension 'dsv' for command environment
[0.594s] INFO:colcon.colcon_core.task.python.build:Building Python package in '/home/arz-1017/task/task_ws/src/tortoisebot_gazebo'
[0.595s] INFO:colcon.colcon_core.shell:Skip shell extension 'powershell' for command environment: Not usable outside of PowerShell
[0.595s] DEBUG:colcon.colcon_core.shell:Skip shell extension 'dsv' for command environment
[1.019s] DEBUG:colcon.colcon_core.event_handler.log_command:Invoking command in '/home/arz-1017/task/task_ws/src/tortoise_description': DEBUGINFOD_URLS=https://debuginfod.ubuntu.com PYTHONPATH=/home/arz-1017/task/task_ws/build/tortoise_description/prefix_override:/usr/lib/python3/dist-packages/colcon_core/task/python/colcon_distutils_commands:/home/arz-1017/task/task_ws/install/tortoise_description/lib/python3.12/site-packages:${PYTHONPATH} /usr/bin/python3 -W ignore:setup.py install is deprecated -W ignore:easy_install command is deprecated setup.py egg_info --egg-base ../../build/tortoise_description build --build-base /home/arz-1017/task/task_ws/build/tortoise_description/build install --record /home/arz-1017/task/task_ws/build/tortoise_description/install.log --single-version-externally-managed install_data
[1.021s] DEBUG:colcon.colcon_core.event_handler.log_command:Invoking command in '/home/arz-1017/task/task_ws/src/ros2_mapping': DEBUGINFOD_URLS=https://debuginfod.ubuntu.com PYTHONPATH=/home/arz-1017/task/task_ws/build/ros2_mapping/prefix_override:/usr/lib/python3/dist-packages/colcon_core/task/python/colcon_distutils_commands:/home/arz-1017/task/task_ws/install/ros2_mapping/lib/python3.12/site-packages:${PYTHONPATH} /usr/bin/python3 -W ignore:setup.py install is deprecated -W ignore:easy_install command is deprecated setup.py egg_info --egg-base ../../build/ros2_mapping build --build-base /home/arz-1017/task/task_ws/build/ros2_mapping/build install --record /home/arz-1017/task/task_ws/build/ros2_mapping/install.log --single-version-externally-managed install_data
[1.022s] DEBUG:colcon.colcon_core.event_handler.log_command:Invoking command in '/home/arz-1017/task/task_ws/src/tortoisebot_gazebo': DEBUGINFOD_URLS=https://debuginfod.ubuntu.com PYTHONPATH=/home/arz-1017/task/task_ws/build/tortoisebot_gazebo/prefix_override:/usr/lib/python3/dist-packages/colcon_core/task/python/colcon_distutils_commands:/home/arz-1017/task/task_ws/install/tortoisebot_gazebo/lib/python3.12/site-packages:${PYTHONPATH} /usr/bin/python3 -W ignore:setup.py install is deprecated -W ignore:easy_install command is deprecated setup.py egg_info --egg-base ../../build/tortoisebot_gazebo build --build-base /home/arz-1017/task/task_ws/build/tortoisebot_gazebo/build install --record /home/arz-1017/task/task_ws/build/tortoisebot_gazebo/install.log --single-version-externally-managed install_data
[1.401s] DEBUG:colcon.colcon_core.event_handler.log_command:Invoked command in '/home/arz-1017/task/task_ws/src/ros2_mapping' returned '0': DEBUGINFOD_URLS=https://debuginfod.ubuntu.com PYTHONPATH=/home/arz-1017/task/task_ws/build/ros2_mapping/prefix_override:/usr/lib/python3/dist-packages/colcon_core/task/python/colcon_distutils_commands:/home/arz-1017/task/task_ws/install/ros2_mapping/lib/python3.12/site-packages:${PYTHONPATH} /usr/bin/python3 -W ignore:setup.py install is deprecated -W ignore:easy_install command is deprecated setup.py egg_info --egg-base ../../build/ros2_mapping build --build-base /home/arz-1017/task/task_ws/build/ros2_mapping/build install --record /home/arz-1017/task/task_ws/build/ros2_mapping/install.log --single-version-externally-managed install_data
[1.402s] Level 1:colcon.colcon_core.environment:checking '/home/arz-1017/task/task_ws/install/ros2_mapping' for CMake module files
[1.402s] Level 1:colcon.colcon_core.environment:checking '/home/arz-1017/task/task_ws/install/ros2_mapping' for CMake config files
[1.403s] Level 1:colcon.colcon_core.environment:checking '/home/arz-1017/task/task_ws/install/ros2_mapping/lib'
[1.403s] Level 1:colcon.colcon_core.environment:checking '/home/arz-1017/task/task_ws/install/ros2_mapping/bin'
[1.403s] Level 1:colcon.colcon_core.environment:checking '/home/arz-1017/task/task_ws/install/ros2_mapping/lib/pkgconfig/ros2_mapping.pc'
[1.403s] Level 1:colcon.colcon_core.environment:checking '/home/arz-1017/task/task_ws/install/ros2_mapping/lib/python3.12/site-packages'
[1.403s] Level 1:colcon.colcon_core.shell:create_environment_hook('ros2_mapping', 'pythonpath')
[1.403s] INFO:colcon.colcon_core.shell:Creating environment hook '/home/arz-1017/task/task_ws/install/ros2_mapping/share/ros2_mapping/hook/pythonpath.ps1'
[1.404s] INFO:colcon.colcon_core.shell:Creating environment descriptor '/home/arz-1017/task/task_ws/install/ros2_mapping/share/ros2_mapping/hook/pythonpath.dsv'
[1.404s] INFO:colcon.colcon_core.shell:Creating environment hook '/home/arz-1017/task/task_ws/install/ros2_mapping/share/ros2_mapping/hook/pythonpath.sh'
[1.404s] Level 1:colcon.colcon_core.environment:checking '/home/arz-1017/task/task_ws/install/ros2_mapping/bin'
[1.404s] Level 1:colcon.colcon_core.environment:create_environment_scripts_only(ros2_mapping)
[1.404s] INFO:colcon.colcon_core.shell:Creating package script '/home/arz-1017/task/task_ws/install/ros2_mapping/share/ros2_mapping/package.ps1'
[1.405s] INFO:colcon.colcon_core.shell:Creating package descriptor '/home/arz-1017/task/task_ws/install/ros2_mapping/share/ros2_mapping/package.dsv'
[1.405s] INFO:colcon.colcon_core.shell:Creating package script '/home/arz-1017/task/task_ws/install/ros2_mapping/share/ros2_mapping/package.sh'
[1.406s] INFO:colcon.colcon_core.shell:Creating package script '/home/arz-1017/task/task_ws/install/ros2_mapping/share/ros2_mapping/package.bash'
[1.406s] INFO:colcon.colcon_core.shell:Creating package script '/home/arz-1017/task/task_ws/install/ros2_mapping/share/ros2_mapping/package.zsh'
[1.406s] Level 1:colcon.colcon_core.environment:create_file_with_runtime_dependencies(/home/arz-1017/task/task_ws/install/ros2_mapping/share/colcon-core/packages/ros2_mapping)
[1.407s] Level 1:colcon.colcon_core.environment:checking '/home/arz-1017/task/task_ws/install/tortoise_description' for CMake module files
[1.407s] Level 1:colcon.colcon_core.environment:checking '/home/arz-1017/task/task_ws/install/tortoise_description' for CMake config files
[1.407s] DEBUG:colcon.colcon_core.event_handler.log_command:Invoked command in '/home/arz-1017/task/task_ws/src/tortoise_description' returned '0': DEBUGINFOD_URLS=https://debuginfod.ubuntu.com PYTHONPATH=/home/arz-1017/task/task_ws/build/tortoise_description/prefix_override:/usr/lib/python3/dist-packages/colcon_core/task/python/colcon_distutils_commands:/home/arz-1017/task/task_ws/install/tortoise_description/lib/python3.12/site-packages:${PYTHONPATH} /usr/bin/python3 -W ignore:setup.py install is deprecated -W ignore:easy_install command is deprecated setup.py egg_info --egg-base ../../build/tortoise_description build --build-base /home/arz-1017/task/task_ws/build/tortoise_description/build install --record /home/arz-1017/task/task_ws/build/tortoise_description/install.log --single-version-externally-managed install_data
[1.408s] Level 1:colcon.colcon_core.environment:checking '/home/arz-1017/task/task_ws/install/tortoise_description/lib'
[1.408s] Level 1:colcon.colcon_core.environment:checking '/home/arz-1017/task/task_ws/install/tortoise_description/bin'
[1.408s] Level 1:colcon.colcon_core.environment:checking '/home/arz-1017/task/task_ws/install/tortoise_description/lib/pkgconfig/tortoise_description.pc'
[1.408s] Level 1:colcon.colcon_core.environment:checking '/home/arz-1017/task/task_ws/install/tortoise_description/lib/python3.12/site-packages'
[1.408s] Level 1:colcon.colcon_core.shell:create_environment_hook('tortoise_description', 'pythonpath')
[1.408s] INFO:colcon.colcon_core.shell:Creating environment hook '/home/arz-1017/task/task_ws/install/tortoise_description/share/tortoise_description/hook/pythonpath.ps1'
[1.408s] INFO:colcon.colcon_core.shell:Creating environment descriptor '/home/arz-1017/task/task_ws/install/tortoise_description/share/tortoise_description/hook/pythonpath.dsv'
[1.409s] INFO:colcon.colcon_core.shell:Creating environment hook '/home/arz-1017/task/task_ws/install/tortoise_description/share/tortoise_description/hook/pythonpath.sh'
[1.409s] Level 1:colcon.colcon_core.environment:checking '/home/arz-1017/task/task_ws/install/tortoise_description/bin'
[1.409s] Level 1:colcon.colcon_core.environment:create_environment_scripts_only(tortoise_description)
[1.409s] INFO:colcon.colcon_core.shell:Creating package script '/home/arz-1017/task/task_ws/install/tortoise_description/share/tortoise_description/package.ps1'
[1.410s] INFO:colcon.colcon_core.shell:Creating package descriptor '/home/arz-1017/task/task_ws/install/tortoise_description/share/tortoise_description/package.dsv'
[1.410s] INFO:colcon.colcon_core.shell:Creating package script '/home/arz-1017/task/task_ws/install/tortoise_description/share/tortoise_description/package.sh'
[1.410s] INFO:colcon.colcon_core.shell:Creating package script '/home/arz-1017/task/task_ws/install/tortoise_description/share/tortoise_description/package.bash'
[1.410s] INFO:colcon.colcon_core.shell:Creating package script '/home/arz-1017/task/task_ws/install/tortoise_description/share/tortoise_description/package.zsh'
[1.410s] Level 1:colcon.colcon_core.environment:create_file_with_runtime_dependencies(/home/arz-1017/task/task_ws/install/tortoise_description/share/colcon-core/packages/tortoise_description)
[1.411s] Level 1:colcon.colcon_core.environment:checking '/home/arz-1017/task/task_ws/install/tortoisebot_gazebo' for CMake module files
[1.411s] DEBUG:colcon.colcon_core.event_handler.log_command:Invoked command in '/home/arz-1017/task/task_ws/src/tortoisebot_gazebo' returned '0': DEBUGINFOD_URLS=https://debuginfod.ubuntu.com PYTHONPATH=/home/arz-1017/task/task_ws/build/tortoisebot_gazebo/prefix_override:/usr/lib/python3/dist-packages/colcon_core/task/python/colcon_distutils_commands:/home/arz-1017/task/task_ws/install/tortoisebot_gazebo/lib/python3.12/site-packages:${PYTHONPATH} /usr/bin/python3 -W ignore:setup.py install is deprecated -W ignore:easy_install command is deprecated setup.py egg_info --egg-base ../../build/tortoisebot_gazebo build --build-base /home/arz-1017/task/task_ws/build/tortoisebot_gazebo/build install --record /home/arz-1017/task/task_ws/build/tortoisebot_gazebo/install.log --single-version-externally-managed install_data
[1.412s] Level 1:colcon.colcon_core.environment:checking '/home/arz-1017/task/task_ws/install/tortoisebot_gazebo' for CMake config files
[1.412s] Level 1:colcon.colcon_core.environment:checking '/home/arz-1017/task/task_ws/install/tortoisebot_gazebo/lib'
[1.412s] Level 1:colcon.colcon_core.environment:checking '/home/arz-1017/task/task_ws/install/tortoisebot_gazebo/bin'
[1.412s] Level 1:colcon.colcon_core.environment:checking '/home/arz-1017/task/task_ws/install/tortoisebot_gazebo/lib/pkgconfig/tortoisebot_gazebo.pc'
[1.412s] Level 1:colcon.colcon_core.environment:checking '/home/arz-1017/task/task_ws/install/tortoisebot_gazebo/lib/python3.12/site-packages'
[1.412s] Level 1:colcon.colcon_core.shell:create_environment_hook('tortoisebot_gazebo', 'pythonpath')
[1.412s] INFO:colcon.colcon_core.shell:Creating environment hook '/home/arz-1017/task/task_ws/install/tortoisebot_gazebo/share/tortoisebot_gazebo/hook/pythonpath.ps1'
[1.413s] INFO:colcon.colcon_core.shell:Creating environment descriptor '/home/arz-1017/task/task_ws/install/tortoisebot_gazebo/share/tortoisebot_gazebo/hook/pythonpath.dsv'
[1.413s] INFO:colcon.colcon_core.shell:Creating environment hook '/home/arz-1017/task/task_ws/install/tortoisebot_gazebo/share/tortoisebot_gazebo/hook/pythonpath.sh'
[1.413s] Level 1:colcon.colcon_core.environment:checking '/home/arz-1017/task/task_ws/install/tortoisebot_gazebo/bin'
[1.413s] Level 1:colcon.colcon_core.environment:create_environment_scripts_only(tortoisebot_gazebo)
[1.413s] INFO:colcon.colcon_core.shell:Creating package script '/home/arz-1017/task/task_ws/install/tortoisebot_gazebo/share/tortoisebot_gazebo/package.ps1'
[1.414s] INFO:colcon.colcon_core.shell:Creating package descriptor '/home/arz-1017/task/task_ws/install/tortoisebot_gazebo/share/tortoisebot_gazebo/package.dsv'
[1.414s] INFO:colcon.colcon_core.shell:Creating package script '/home/arz-1017/task/task_ws/install/tortoisebot_gazebo/share/tortoisebot_gazebo/package.sh'
[1.414s] INFO:colcon.colcon_core.shell:Creating package script '/home/arz-1017/task/task_ws/install/tortoisebot_gazebo/share/tortoisebot_gazebo/package.bash'
[1.414s] INFO:colcon.colcon_core.shell:Creating package script '/home/arz-1017/task/task_ws/install/tortoisebot_gazebo/share/tortoisebot_gazebo/package.zsh'
[1.414s] Level 1:colcon.colcon_core.environment:create_file_with_runtime_dependencies(/home/arz-1017/task/task_ws/install/tortoisebot_gazebo/share/colcon-core/packages/tortoisebot_gazebo)
[1.415s] DEBUG:colcon.colcon_parallel_executor.executor.parallel:closing loop
[1.415s] DEBUG:colcon.colcon_parallel_executor.executor.parallel:loop closed
[1.415s] DEBUG:colcon.colcon_parallel_executor.executor.parallel:run_until_complete finished with '0'
[1.415s] DEBUG:colcon.colcon_core.event_reactor:joining thread
[1.419s] INFO:colcon.colcon_core.plugin_system:Skipping extension 'colcon_notification.desktop_notification.terminal_notifier': Not used on non-Darwin systems
[1.419s] INFO:colcon.colcon_core.plugin_system:Skipping extension 'colcon_notification.desktop_notification.win32': Not used on non-Windows systems
[1.419s] INFO:colcon.colcon_notification.desktop_notification:Sending desktop notification using 'notify2'
[1.427s] DEBUG:colcon.colcon_core.event_reactor:joined thread
[1.427s] INFO:colcon.colcon_core.shell:Creating prefix script '/home/arz-1017/task/task_ws/install/local_setup.ps1'
[1.428s] INFO:colcon.colcon_core.shell:Creating prefix util module '/home/arz-1017/task/task_ws/install/_local_setup_util_ps1.py'
[1.429s] INFO:colcon.colcon_core.shell:Creating prefix chain script '/home/arz-1017/task/task_ws/install/setup.ps1'
[1.430s] INFO:colcon.colcon_core.shell:Creating prefix script '/home/arz-1017/task/task_ws/install/local_setup.sh'
[1.430s] INFO:colcon.colcon_core.shell:Creating prefix util module '/home/arz-1017/task/task_ws/install/_local_setup_util_sh.py'
[1.431s] INFO:colcon.colcon_core.shell:Creating prefix chain script '/home/arz-1017/task/task_ws/install/setup.sh'
[1.431s] INFO:colcon.colcon_core.shell:Creating prefix script '/home/arz-1017/task/task_ws/install/local_setup.bash'
[1.432s] INFO:colcon.colcon_core.shell:Creating prefix chain script '/home/arz-1017/task/task_ws/install/setup.bash'
[1.432s] INFO:colcon.colcon_core.shell:Creating prefix script '/home/arz-1017/task/task_ws/install/local_setup.zsh'
[1.433s] INFO:colcon.colcon_core.shell:Creating prefix chain script '/home/arz-1017/task/task_ws/install/setup.zsh'
