/home/arz-1017/task/task_ws/install/tortoisebot_gazebo/lib/python3.12/site-packages/tortoisebot_gazebo/findmedian.py
/home/arz-1017/task/task_ws/install/tortoisebot_gazebo/lib/python3.12/site-packages/tortoisebot_gazebo/laserdata.py
/home/arz-1017/task/task_ws/install/tortoisebot_gazebo/lib/python3.12/site-packages/tortoisebot_gazebo/__init__.py
/home/arz-1017/task/task_ws/install/tortoisebot_gazebo/lib/python3.12/site-packages/tortoisebot_gazebo/finddirection.py
/home/arz-1017/task/task_ws/install/tortoisebot_gazebo/lib/python3.12/site-packages/tortoisebot_gazebo/movingaverage.py
/home/arz-1017/task/task_ws/install/tortoisebot_gazebo/lib/python3.12/site-packages/tortoisebot_gazebo/printdata.py
/home/arz-1017/task/task_ws/install/tortoisebot_gazebo/lib/python3.12/site-packages/tortoisebot_gazebo/__pycache__/findmedian.cpython-312.pyc
/home/arz-1017/task/task_ws/install/tortoisebot_gazebo/lib/python3.12/site-packages/tortoisebot_gazebo/__pycache__/laserdata.cpython-312.pyc
/home/arz-1017/task/task_ws/install/tortoisebot_gazebo/lib/python3.12/site-packages/tortoisebot_gazebo/__pycache__/__init__.cpython-312.pyc
/home/arz-1017/task/task_ws/install/tortoisebot_gazebo/lib/python3.12/site-packages/tortoisebot_gazebo/__pycache__/finddirection.cpython-312.pyc
/home/arz-1017/task/task_ws/install/tortoisebot_gazebo/lib/python3.12/site-packages/tortoisebot_gazebo/__pycache__/movingaverage.cpython-312.pyc
/home/arz-1017/task/task_ws/install/tortoisebot_gazebo/lib/python3.12/site-packages/tortoisebot_gazebo/__pycache__/printdata.cpython-312.pyc
/home/arz-1017/task/task_ws/install/tortoisebot_gazebo/share/ament_index/resource_index/packages/tortoisebot_gazebo
/home/arz-1017/task/task_ws/install/tortoisebot_gazebo/share/tortoisebot_gazebo/package.xml
/home/arz-1017/task/task_ws/install/tortoisebot_gazebo/share/tortoisebot_gazebo/launch/gazebo.launch.py
/home/arz-1017/task/task_ws/install/tortoisebot_gazebo/share/tortoisebot_gazebo/worlds/empty_world.world
/home/arz-1017/task/task_ws/install/tortoisebot_gazebo/share/tortoisebot_gazebo/worlds/squares_world.sdf
/home/arz-1017/task/task_ws/install/tortoisebot_gazebo/share/tortoisebot_gazebo/worlds/square_world.sdf
/home/arz-1017/task/task_ws/install/tortoisebot_gazebo/share/tortoisebot_gazebo/urdf/tortoisebot.urdf
/home/arz-1017/task/task_ws/install/tortoisebot_gazebo/share/tortoisebot_gazebo/config/bridge.yaml
/home/arz-1017/task/task_ws/install/tortoisebot_gazebo/lib/python3.12/site-packages/tortoisebot_gazebo-0.0.0-py3.12.egg-info/dependency_links.txt
/home/arz-1017/task/task_ws/install/tortoisebot_gazebo/lib/python3.12/site-packages/tortoisebot_gazebo-0.0.0-py3.12.egg-info/PKG-INFO
/home/arz-1017/task/task_ws/install/tortoisebot_gazebo/lib/python3.12/site-packages/tortoisebot_gazebo-0.0.0-py3.12.egg-info/entry_points.txt
/home/arz-1017/task/task_ws/install/tortoisebot_gazebo/lib/python3.12/site-packages/tortoisebot_gazebo-0.0.0-py3.12.egg-info/SOURCES.txt
/home/arz-1017/task/task_ws/install/tortoisebot_gazebo/lib/python3.12/site-packages/tortoisebot_gazebo-0.0.0-py3.12.egg-info/requires.txt
/home/arz-1017/task/task_ws/install/tortoisebot_gazebo/lib/python3.12/site-packages/tortoisebot_gazebo-0.0.0-py3.12.egg-info/zip-safe
/home/arz-1017/task/task_ws/install/tortoisebot_gazebo/lib/python3.12/site-packages/tortoisebot_gazebo-0.0.0-py3.12.egg-info/top_level.txt
/home/arz-1017/task/task_ws/install/tortoisebot_gazebo/lib/tortoisebot_gazebo/filter_median
/home/arz-1017/task/task_ws/install/tortoisebot_gazebo/lib/tortoisebot_gazebo/filter_moving_avg
/home/arz-1017/task/task_ws/install/tortoisebot_gazebo/lib/tortoisebot_gazebo/find_direction
/home/arz-1017/task/task_ws/install/tortoisebot_gazebo/lib/tortoisebot_gazebo/laser_data
/home/arz-1017/task/task_ws/install/tortoisebot_gazebo/lib/tortoisebot_gazebo/print_data
