running egg_info
creating ../../build/depth_camera/depth_camera.egg-info
writing ../../build/depth_camera/depth_camera.egg-info/PKG-INFO
writing dependency_links to ../../build/depth_camera/depth_camera.egg-info/dependency_links.txt
writing requirements to ../../build/depth_camera/depth_camera.egg-info/requires.txt
writing top-level names to ../../build/depth_camera/depth_camera.egg-info/top_level.txt
writing manifest file '../../build/depth_camera/depth_camera.egg-info/SOURCES.txt'
reading manifest file '../../build/depth_camera/depth_camera.egg-info/SOURCES.txt'
adding license file 'LICENSE'
writing manifest file '../../build/depth_camera/depth_camera.egg-info/SOURCES.txt'
running build
running build_py
creating /home/arz-1017/task/task_ws/build/depth_camera/build
creating /home/arz-1017/task/task_ws/build/depth_camera/build/lib
creating /home/arz-1017/task/task_ws/build/depth_camera/build/lib/depth_camera
copying depth_camera/__init__.py -> /home/arz-1017/task/task_ws/build/depth_camera/build/lib/depth_camera
running install
running install_lib
creating /home/arz-1017/task/task_ws/install/depth_camera/lib/python3.12/site-packages/depth_camera
copying /home/arz-1017/task/task_ws/build/depth_camera/build/lib/depth_camera/__init__.py -> /home/arz-1017/task/task_ws/install/depth_camera/lib/python3.12/site-packages/depth_camera
byte-compiling /home/arz-1017/task/task_ws/install/depth_camera/lib/python3.12/site-packages/depth_camera/__init__.py to __init__.cpython-312.pyc
running install_data
creating /home/arz-1017/task/task_ws/install/depth_camera/share/ament_index
creating /home/arz-1017/task/task_ws/install/depth_camera/share/ament_index/resource_index
creating /home/arz-1017/task/task_ws/install/depth_camera/share/ament_index/resource_index/packages
copying resource/depth_camera -> /home/arz-1017/task/task_ws/install/depth_camera/share/ament_index/resource_index/packages
copying package.xml -> /home/arz-1017/task/task_ws/install/depth_camera/share/depth_camera
running install_egg_info
Copying ../../build/depth_camera/depth_camera.egg-info to /home/arz-1017/task/task_ws/install/depth_camera/lib/python3.12/site-packages/depth_camera-0.0.0-py3.12.egg-info
running install_scripts
writing list of installed files to '/home/arz-1017/task/task_ws/build/depth_camera/install.log'
