[1.086s] Invoking command in '/home/arz-1017/task/task_ws/src/depth_camera': DEBUGINFOD_URLS=https://debuginfod.ubuntu.com PYTHONPATH=/home/arz-1017/task/task_ws/build/depth_camera/prefix_override:/usr/lib/python3/dist-packages/colcon_core/task/python/colcon_distutils_commands:/home/arz-1017/task/task_ws/install/depth_camera/lib/python3.12/site-packages:${PYTHONPATH} /usr/bin/python3 -W ignore:setup.py install is deprecated -W ignore:easy_install command is deprecated setup.py egg_info --egg-base ../../build/depth_camera build --build-base /home/arz-1017/task/task_ws/build/depth_camera/build install --record /home/arz-1017/task/task_ws/build/depth_camera/install.log --single-version-externally-managed install_data
[1.265s] running egg_info
[1.265s] creating ../../build/depth_camera/depth_camera.egg-info
[1.278s] writing ../../build/depth_camera/depth_camera.egg-info/PKG-INFO
[1.278s] writing dependency_links to ../../build/depth_camera/depth_camera.egg-info/dependency_links.txt
[1.279s] writing requirements to ../../build/depth_camera/depth_camera.egg-info/requires.txt
[1.279s] writing top-level names to ../../build/depth_camera/depth_camera.egg-info/top_level.txt
[1.279s] writing manifest file '../../build/depth_camera/depth_camera.egg-info/SOURCES.txt'
[1.306s] reading manifest file '../../build/depth_camera/depth_camera.egg-info/SOURCES.txt'
[1.306s] adding license file 'LICENSE'
[1.306s] writing manifest file '../../build/depth_camera/depth_camera.egg-info/SOURCES.txt'
[1.306s] running build
[1.307s] running build_py
[1.307s] creating /home/arz-1017/task/task_ws/build/depth_camera/build
[1.307s] creating /home/arz-1017/task/task_ws/build/depth_camera/build/lib
[1.307s] creating /home/arz-1017/task/task_ws/build/depth_camera/build/lib/depth_camera
[1.307s] copying depth_camera/__init__.py -> /home/arz-1017/task/task_ws/build/depth_camera/build/lib/depth_camera
[1.307s] running install
[1.312s] running install_lib
[1.326s] creating /home/arz-1017/task/task_ws/install/depth_camera/lib/python3.12/site-packages/depth_camera
[1.326s] copying /home/arz-1017/task/task_ws/build/depth_camera/build/lib/depth_camera/__init__.py -> /home/arz-1017/task/task_ws/install/depth_camera/lib/python3.12/site-packages/depth_camera
[1.326s] byte-compiling /home/arz-1017/task/task_ws/install/depth_camera/lib/python3.12/site-packages/depth_camera/__init__.py to __init__.cpython-312.pyc
[1.326s] running install_data
[1.327s] creating /home/arz-1017/task/task_ws/install/depth_camera/share/ament_index
[1.327s] creating /home/arz-1017/task/task_ws/install/depth_camera/share/ament_index/resource_index
[1.327s] creating /home/arz-1017/task/task_ws/install/depth_camera/share/ament_index/resource_index/packages
[1.327s] copying resource/depth_camera -> /home/arz-1017/task/task_ws/install/depth_camera/share/ament_index/resource_index/packages
[1.327s] copying package.xml -> /home/arz-1017/task/task_ws/install/depth_camera/share/depth_camera
[1.327s] running install_egg_info
[1.341s] Copying ../../build/depth_camera/depth_camera.egg-info to /home/arz-1017/task/task_ws/install/depth_camera/lib/python3.12/site-packages/depth_camera-0.0.0-py3.12.egg-info
[1.342s] running install_scripts
[1.432s] writing list of installed files to '/home/arz-1017/task/task_ws/build/depth_camera/install.log'
[1.469s] Invoked command in '/home/arz-1017/task/task_ws/src/depth_camera' returned '0': DEBUGINFOD_URLS=https://debuginfod.ubuntu.com PYTHONPATH=/home/arz-1017/task/task_ws/build/depth_camera/prefix_override:/usr/lib/python3/dist-packages/colcon_core/task/python/colcon_distutils_commands:/home/arz-1017/task/task_ws/install/depth_camera/lib/python3.12/site-packages:${PYTHONPATH} /usr/bin/python3 -W ignore:setup.py install is deprecated -W ignore:easy_install command is deprecated setup.py egg_info --egg-base ../../build/depth_camera build --build-base /home/arz-1017/task/task_ws/build/depth_camera/build install --record /home/arz-1017/task/task_ws/build/depth_camera/install.log --single-version-externally-managed install_data
