[1.824s] Invoking command in '/home/arz-1017/task/task_ws/src/ros2_mapping': DEBUGINFOD_URLS=https://debuginfod.ubuntu.com PYTHONPATH=/home/arz-1017/task/task_ws/build/ros2_mapping/prefix_override:/usr/lib/python3/dist-packages/colcon_core/task/python/colcon_distutils_commands:/home/arz-1017/task/task_ws/install/ros2_mapping/lib/python3.12/site-packages:${PYTHONPATH} /usr/bin/python3 -W ignore:setup.py install is deprecated -W ignore:easy_install command is deprecated setup.py egg_info --egg-base ../../build/ros2_mapping build --build-base /home/arz-1017/task/task_ws/build/ros2_mapping/build install --record /home/arz-1017/task/task_ws/build/ros2_mapping/install.log --single-version-externally-managed install_data
[2.228s] running egg_info
[2.258s] writing ../../build/ros2_mapping/ros2_mapping.egg-info/PKG-INFO
[2.258s] writing dependency_links to ../../build/ros2_mapping/ros2_mapping.egg-info/dependency_links.txt
[2.258s] writing requirements to ../../build/ros2_mapping/ros2_mapping.egg-info/requires.txt
[2.259s] writing top-level names to ../../build/ros2_mapping/ros2_mapping.egg-info/top_level.txt
[2.320s] reading manifest file '../../build/ros2_mapping/ros2_mapping.egg-info/SOURCES.txt'
[2.322s] writing manifest file '../../build/ros2_mapping/ros2_mapping.egg-info/SOURCES.txt'
[2.322s] running build
[2.322s] running build_py
[2.322s] running install
[2.332s] running install_lib
[2.365s] running install_data
[2.366s] copying launch/online_async_launch.py -> /home/arz-1017/task/task_ws/install/ros2_mapping/share/ros2_mapping/launch
[2.366s] running install_egg_info
[2.400s] removing '/home/arz-1017/task/task_ws/install/ros2_mapping/lib/python3.12/site-packages/ros2_mapping-0.0.0-py3.12.egg-info' (and everything under it)
[2.400s] Copying ../../build/ros2_mapping/ros2_mapping.egg-info to /home/arz-1017/task/task_ws/install/ros2_mapping/lib/python3.12/site-packages/ros2_mapping-0.0.0-py3.12.egg-info
[2.402s] running install_scripts
[2.612s] writing list of installed files to '/home/arz-1017/task/task_ws/build/ros2_mapping/install.log'
[2.666s] Invoked command in '/home/arz-1017/task/task_ws/src/ros2_mapping' returned '0': DEBUGINFOD_URLS=https://debuginfod.ubuntu.com PYTHONPATH=/home/arz-1017/task/task_ws/build/ros2_mapping/prefix_override:/usr/lib/python3/dist-packages/colcon_core/task/python/colcon_distutils_commands:/home/arz-1017/task/task_ws/install/ros2_mapping/lib/python3.12/site-packages:${PYTHONPATH} /usr/bin/python3 -W ignore:setup.py install is deprecated -W ignore:easy_install command is deprecated setup.py egg_info --egg-base ../../build/ros2_mapping build --build-base /home/arz-1017/task/task_ws/build/ros2_mapping/build install --record /home/arz-1017/task/task_ws/build/ros2_mapping/install.log --single-version-externally-managed install_data
